<?xml version="1.0" encoding="UTF-8"?>
<testsuites name="Regresi Faktorial" time="85.872" tests="8" failures="1" errors="0">
   <testsuite name="Regresi Faktorial" tests="8" failures="1" errors="0" time="85.872" skipped="0" timestamp="2023-03-05 22:42:28" hostname="macbook - 192.168.1.25" id="Test Suites/Regresi Faktorial">
      <properties>
         <property name="deviceName" value=""/>
         <property name="devicePlatform" value=""/>
         <property name="logFolder" value="/Users/macbook/Katalon Studio/Sevima/Reports/20230305_224216/Regresi Faktorial/20230305_224216"/>
         <property name="logFiles" value="/Users/macbook/Katalon Studio/Sevima/Reports/20230305_224216/Regresi Faktorial/20230305_224216/execution0.log"/>
         <property name="attachments" value="/Users/macbook/Katalon Studio/Sevima/Reports/20230305_224216/Regresi Faktorial/20230305_224216/1678030961846.png, /Users/macbook/Katalon Studio/Sevima/Reports/20230305_224216/Regresi Faktorial/20230305_224216/1678030972017.png, /Users/macbook/Katalon Studio/Sevima/Reports/20230305_224216/Regresi Faktorial/20230305_224216/1678030982360.png, /Users/macbook/Katalon Studio/Sevima/Reports/20230305_224216/Regresi Faktorial/20230305_224216/1678030995897.png, /Users/macbook/Katalon Studio/Sevima/Reports/20230305_224216/Regresi Faktorial/20230305_224216/1678030996040.png, /Users/macbook/Katalon Studio/Sevima/Reports/20230305_224216/Regresi Faktorial/20230305_224216/1678031003821.png, /Users/macbook/Katalon Studio/Sevima/Reports/20230305_224216/Regresi Faktorial/20230305_224216/1678031013365.png, /Users/macbook/Katalon Studio/Sevima/Reports/20230305_224216/Regresi Faktorial/20230305_224216/1678031024985.png, /Users/macbook/Katalon Studio/Sevima/Reports/20230305_224216/Regresi Faktorial/20230305_224216/1678031034046.png"/>
         <property name="hostName" value="macbook - 192.168.1.25"/>
         <property name="os" value="Mac OS X 64bit"/>
         <property name="katalonVersion" value="8.4.1.208"/>
         <property name="browser" value="Chrome 110.0.0.0"/>
         <property name="hostAddress" value="192.168.1.25"/>
         <property name="sessionId" value="f01757e3add97e1eead6ff82aeb1d1aa"/>
         <property name="seleniumVersion" value="3.141.59"/>
         <property name="proxyInformation" value="ProxyInformation { proxyOption=NO_PROXY, proxyServerType=HTTP, username=, password=********, proxyServerAddress=, proxyServerPort=0, executionList=&quot;&quot;, isApplyToDesiredCapabilities=true }"/>
         <property name="platform" value="Mac OS X"/>
      </properties>
      <testcase name="Test Cases/Menghitung Faktorial Integer" time="14.645" classname="Test Cases/Menghitung Faktorial Integer" status="PASSED">
         <system-out><![CDATA[2023-03-05 22:42:29 - [TEST_CASE][PASSED] - Test Cases/Menghitung Faktorial Integer: Test Cases/Menghitung Faktorial Integer

2023-03-05 22:42:30 - [TEST_STEP][PASSED] - openBrowser(""): Browser is opened with url: ''

2023-03-05 22:42:30 - [MESSAGE][INFO] - Starting 'Chrome' driver

2023-03-05 22:42:30 - [MESSAGE][INFO] - Action delay is set to 0 milliseconds

2023-03-05 22:42:35 - [MESSAGE][PASSED] - Browser is opened with url: ''

2023-03-05 22:42:35 - [TEST_STEP][PASSED] - navigateToUrl("https://qa.putraprima.id/"): Navigate to 'https://qa.putraprima.id/' successfully

2023-03-05 22:42:38 - [MESSAGE][PASSED] - Navigate to 'https://qa.putraprima.id/' successfully

2023-03-05 22:42:38 - [TEST_STEP][PASSED] - setText(findTestObject("Object Repository/Page_Faktoriall/input_Kalkulator Faktorial_input"), Input): Text '1' is set on object 'Object Repository/Page_Faktoriall/input_Kalkulator Faktorial_input'

2023-03-05 22:42:39 - [MESSAGE][PASSED] - Text '1' is set on object 'Object Repository/Page_Faktoriall/input_Kalkulator Faktorial_input'

2023-03-05 22:42:39 - [TEST_STEP][PASSED] - click(findTestObject("Object Repository/Page_Faktoriall/button_Hitung                              _be4487")): Object: 'Object Repository/Page_Faktoriall/button_Hitung                              _be4487' is clicked on

2023-03-05 22:42:40 - [MESSAGE][PASSED] - Object: 'Object Repository/Page_Faktoriall/button_Hitung                              _be4487' is clicked on

2023-03-05 22:42:40 - [TEST_STEP][PASSED] - verifyElementPresent(findTestObject("Page_Faktoriall/div_Faktorial dari 10 adalah 3628800"), 3): Object 'Object Repository/Page_Faktoriall/div_Faktorial dari 10 adalah 3628800' is present

2023-03-05 22:42:41 - [MESSAGE][PASSED] - Object 'Object Repository/Page_Faktoriall/div_Faktorial dari 10 adalah 3628800' is present

2023-03-05 22:42:41 - [TEST_STEP][PASSED] - takeScreenshot(): Taking screenshot successfully

2023-03-05 22:42:41 - [MESSAGE][PASSED] - Taking screenshot successfully
[[ATTACHMENT|/Users/macbook/Katalon Studio/Sevima/Reports/20230305_224216/Regresi Faktorial/20230305_224216/1678030961846.png]]

2023-03-05 22:42:41 - [TEST_STEP][PASSED] - delay(2): Delayed 2 second(s)

2023-03-05 22:42:43 - [MESSAGE][PASSED] - Delayed 2 second(s)]]></system-out>
         <system-err><![CDATA[]]></system-err>
      </testcase>
      <testcase name="Test Cases/Menghitung Faktorial Integer" time="10.19" classname="Test Cases/Menghitung Faktorial Integer" status="PASSED">
         <system-out><![CDATA[2023-03-05 22:42:44 - [TEST_CASE][PASSED] - Test Cases/Menghitung Faktorial Integer: Test Cases/Menghitung Faktorial Integer

2023-03-05 22:42:44 - [TEST_STEP][PASSED] - openBrowser(""): Browser is opened with url: ''

2023-03-05 22:42:44 - [MESSAGE][WARNING] - A browser is already opened. Closing browser and opening a new one

2023-03-05 22:42:44 - [MESSAGE][INFO] - Starting 'Chrome' driver

2023-03-05 22:42:44 - [MESSAGE][INFO] - Action delay is set to 0 milliseconds

2023-03-05 22:42:46 - [MESSAGE][PASSED] - Browser is opened with url: ''

2023-03-05 22:42:46 - [TEST_STEP][PASSED] - navigateToUrl("https://qa.putraprima.id/"): Navigate to 'https://qa.putraprima.id/' successfully

2023-03-05 22:42:49 - [MESSAGE][PASSED] - Navigate to 'https://qa.putraprima.id/' successfully

2023-03-05 22:42:49 - [TEST_STEP][PASSED] - setText(findTestObject("Object Repository/Page_Faktoriall/input_Kalkulator Faktorial_input"), Input): Text '10' is set on object 'Object Repository/Page_Faktoriall/input_Kalkulator Faktorial_input'

2023-03-05 22:42:50 - [MESSAGE][PASSED] - Text '10' is set on object 'Object Repository/Page_Faktoriall/input_Kalkulator Faktorial_input'

2023-03-05 22:42:50 - [TEST_STEP][PASSED] - click(findTestObject("Object Repository/Page_Faktoriall/button_Hitung                              _be4487")): Object: 'Object Repository/Page_Faktoriall/button_Hitung                              _be4487' is clicked on

2023-03-05 22:42:50 - [MESSAGE][PASSED] - Object: 'Object Repository/Page_Faktoriall/button_Hitung                              _be4487' is clicked on

2023-03-05 22:42:50 - [TEST_STEP][PASSED] - verifyElementPresent(findTestObject("Page_Faktoriall/div_Faktorial dari 10 adalah 3628800"), 3): Object 'Object Repository/Page_Faktoriall/div_Faktorial dari 10 adalah 3628800' is present

2023-03-05 22:42:51 - [MESSAGE][PASSED] - Object 'Object Repository/Page_Faktoriall/div_Faktorial dari 10 adalah 3628800' is present

2023-03-05 22:42:51 - [TEST_STEP][PASSED] - takeScreenshot(): Taking screenshot successfully

2023-03-05 22:42:52 - [MESSAGE][PASSED] - Taking screenshot successfully
[[ATTACHMENT|/Users/macbook/Katalon Studio/Sevima/Reports/20230305_224216/Regresi Faktorial/20230305_224216/1678030972017.png]]

2023-03-05 22:42:52 - [TEST_STEP][PASSED] - delay(2): Delayed 2 second(s)

2023-03-05 22:42:54 - [MESSAGE][PASSED] - Delayed 2 second(s)]]></system-out>
         <system-err><![CDATA[]]></system-err>
      </testcase>
      <testcase name="Test Cases/Menghitung Faktorial Integer" time="10.232" classname="Test Cases/Menghitung Faktorial Integer" status="PASSED">
         <system-out><![CDATA[2023-03-05 22:42:54 - [TEST_CASE][PASSED] - Test Cases/Menghitung Faktorial Integer: Test Cases/Menghitung Faktorial Integer

2023-03-05 22:42:54 - [TEST_STEP][PASSED] - openBrowser(""): Browser is opened with url: ''

2023-03-05 22:42:54 - [MESSAGE][WARNING] - A browser is already opened. Closing browser and opening a new one

2023-03-05 22:42:54 - [MESSAGE][INFO] - Starting 'Chrome' driver

2023-03-05 22:42:54 - [MESSAGE][INFO] - Action delay is set to 0 milliseconds

2023-03-05 22:42:56 - [MESSAGE][PASSED] - Browser is opened with url: ''

2023-03-05 22:42:56 - [TEST_STEP][PASSED] - navigateToUrl("https://qa.putraprima.id/"): Navigate to 'https://qa.putraprima.id/' successfully

2023-03-05 22:42:59 - [MESSAGE][PASSED] - Navigate to 'https://qa.putraprima.id/' successfully

2023-03-05 22:42:59 - [TEST_STEP][PASSED] - setText(findTestObject("Object Repository/Page_Faktoriall/input_Kalkulator Faktorial_input"), Input): Text '170' is set on object 'Object Repository/Page_Faktoriall/input_Kalkulator Faktorial_input'

2023-03-05 22:43:00 - [MESSAGE][PASSED] - Text '170' is set on object 'Object Repository/Page_Faktoriall/input_Kalkulator Faktorial_input'

2023-03-05 22:43:00 - [TEST_STEP][PASSED] - click(findTestObject("Object Repository/Page_Faktoriall/button_Hitung                              _be4487")): Object: 'Object Repository/Page_Faktoriall/button_Hitung                              _be4487' is clicked on

2023-03-05 22:43:01 - [MESSAGE][PASSED] - Object: 'Object Repository/Page_Faktoriall/button_Hitung                              _be4487' is clicked on

2023-03-05 22:43:01 - [TEST_STEP][PASSED] - verifyElementPresent(findTestObject("Page_Faktoriall/div_Faktorial dari 10 adalah 3628800"), 3): Object 'Object Repository/Page_Faktoriall/div_Faktorial dari 10 adalah 3628800' is present

2023-03-05 22:43:01 - [MESSAGE][PASSED] - Object 'Object Repository/Page_Faktoriall/div_Faktorial dari 10 adalah 3628800' is present

2023-03-05 22:43:01 - [TEST_STEP][PASSED] - takeScreenshot(): Taking screenshot successfully

2023-03-05 22:43:02 - [MESSAGE][PASSED] - Taking screenshot successfully
[[ATTACHMENT|/Users/macbook/Katalon Studio/Sevima/Reports/20230305_224216/Regresi Faktorial/20230305_224216/1678030982360.png]]

2023-03-05 22:43:02 - [TEST_STEP][PASSED] - delay(2): Delayed 2 second(s)

2023-03-05 22:43:04 - [MESSAGE][PASSED] - Delayed 2 second(s)]]></system-out>
         <system-err><![CDATA[]]></system-err>
      </testcase>
      <testcase name="Test Cases/Menghitung Faktorial Integer" time="11.604" classname="Test Cases/Menghitung Faktorial Integer" status="FAILED">
         <failure type="FAILED" message="Test Cases/Menghitung Faktorial Integer FAILED.
Reason:
com.kms.katalon.core.exception.StepFailedException: Unable to verify object 'Object Repository/Page_Faktoriall/div_Faktorial dari 10 adalah 3628800' is present
	at com.kms.katalon.core.webui.keyword.internal.WebUIKeywordMain.stepFailed(WebUIKeywordMain.groovy:64)
	at com.kms.katalon.core.webui.keyword.internal.WebUIKeywordMain.runKeyword(WebUIKeywordMain.groovy:26)
	at com.kms.katalon.core.webui.keyword.builtin.VerifyElementPresentKeyword.verifyElementPresent(VerifyElementPresentKeyword.groovy:92)
	at com.kms.katalon.core.webui.keyword.builtin.VerifyElementPresentKeyword.execute(VerifyElementPresentKeyword.groovy:68)
	at com.kms.katalon.core.keyword.internal.KeywordExecutor.executeKeywordForPlatform(KeywordExecutor.groovy:74)
	at com.kms.katalon.core.webui.keyword.WebUiBuiltInKeywords.verifyElementPresent(WebUiBuiltInKeywords.groovy:1464)
	at com.kms.katalon.core.webui.keyword.WebUiBuiltInKeywords$verifyElementPresent$3.call(Unknown Source)
	at Menghitung Faktorial Integer.run(Menghitung Faktorial Integer:28)
	at com.kms.katalon.core.main.ScriptEngine.run(ScriptEngine.java:194)
	at com.kms.katalon.core.main.ScriptEngine.runScriptAsRawText(ScriptEngine.java:119)
	at com.kms.katalon.core.main.TestCaseExecutor.runScript(TestCaseExecutor.java:448)
	at com.kms.katalon.core.main.TestCaseExecutor.doExecute(TestCaseExecutor.java:439)
	at com.kms.katalon.core.main.TestCaseExecutor.processExecutionPhase(TestCaseExecutor.java:418)
	at com.kms.katalon.core.main.TestCaseExecutor.accessMainPhase(TestCaseExecutor.java:410)
	at com.kms.katalon.core.main.TestCaseExecutor.execute(TestCaseExecutor.java:285)
	at com.kms.katalon.core.common.CommonExecutor.accessTestCaseMainPhase(CommonExecutor.java:65)
	at com.kms.katalon.core.main.TestSuiteExecutor.accessTestSuiteMainPhase(TestSuiteExecutor.java:144)
	at com.kms.katalon.core.main.TestSuiteExecutor.execute(TestSuiteExecutor.java:106)
	at com.kms.katalon.core.main.TestCaseMain.startTestSuite(TestCaseMain.java:185)
	at com.kms.katalon.core.main.TestCaseMain$startTestSuite$0.call(Unknown Source)
	at TempTestSuite1678030936069.run(TempTestSuite1678030936069.groovy:36)
Caused by: com.kms.katalon.core.exception.StepFailedException: com.kms.katalon.core.webui.exception.WebElementNotFoundException: Web element with id: 'Object Repository/Page_Faktoriall/div_Faktorial dari 10 adalah 3628800' located by '//*[@id = 'result' and (contains(text(), 'Faktorial dari') or contains(., 'Faktorial dari'))]' not found
	at com.kms.katalon.core.webui.keyword.internal.WebUIKeywordMain.stepFailed(WebUIKeywordMain.groovy:64)
	at com.kms.katalon.core.webui.keyword.builtin.VerifyElementPresentKeyword$_verifyElementPresent_closure1.doCall(VerifyElementPresentKeyword.groovy:85)
	at com.kms.katalon.core.webui.keyword.builtin.VerifyElementPresentKeyword$_verifyElementPresent_closure1.call(VerifyElementPresentKeyword.groovy)
	at com.kms.katalon.core.webui.keyword.internal.WebUIKeywordMain.runKeyword(WebUIKeywordMain.groovy:20)
	... 19 more
"/>
         <system-out><![CDATA[2023-03-05 22:43:04 - [TEST_CASE][FAILED] - Test Cases/Menghitung Faktorial Integer: Test Cases/Menghitung Faktorial Integer FAILED.
Reason:
com.kms.katalon.core.exception.StepFailedException: Unable to verify object 'Object Repository/Page_Faktoriall/div_Faktorial dari 10 adalah 3628800' is present
	at com.kms.katalon.core.webui.keyword.internal.WebUIKeywordMain.stepFailed(WebUIKeywordMain.groovy:64)
	at com.kms.katalon.core.webui.keyword.internal.WebUIKeywordMain.runKeyword(WebUIKeywordMain.groovy:26)
	at com.kms.katalon.core.webui.keyword.builtin.VerifyElementPresentKeyword.verifyElementPresent(VerifyElementPresentKeyword.groovy:92)
	at com.kms.katalon.core.webui.keyword.builtin.VerifyElementPresentKeyword.execute(VerifyElementPresentKeyword.groovy:68)
	at com.kms.katalon.core.keyword.internal.KeywordExecutor.executeKeywordForPlatform(KeywordExecutor.groovy:74)
	at com.kms.katalon.core.webui.keyword.WebUiBuiltInKeywords.verifyElementPresent(WebUiBuiltInKeywords.groovy:1464)
	at com.kms.katalon.core.webui.keyword.WebUiBuiltInKeywords$verifyElementPresent$3.call(Unknown Source)
	at Menghitung Faktorial Integer.run(Menghitung Faktorial Integer:28)
	at com.kms.katalon.core.main.ScriptEngine.run(ScriptEngine.java:194)
	at com.kms.katalon.core.main.ScriptEngine.runScriptAsRawText(ScriptEngine.java:119)
	at com.kms.katalon.core.main.TestCaseExecutor.runScript(TestCaseExecutor.java:448)
	at com.kms.katalon.core.main.TestCaseExecutor.doExecute(TestCaseExecutor.java:439)
	at com.kms.katalon.core.main.TestCaseExecutor.processExecutionPhase(TestCaseExecutor.java:418)
	at com.kms.katalon.core.main.TestCaseExecutor.accessMainPhase(TestCaseExecutor.java:410)
	at com.kms.katalon.core.main.TestCaseExecutor.execute(TestCaseExecutor.java:285)
	at com.kms.katalon.core.common.CommonExecutor.accessTestCaseMainPhase(CommonExecutor.java:65)
	at com.kms.katalon.core.main.TestSuiteExecutor.accessTestSuiteMainPhase(TestSuiteExecutor.java:144)
	at com.kms.katalon.core.main.TestSuiteExecutor.execute(TestSuiteExecutor.java:106)
	at com.kms.katalon.core.main.TestCaseMain.startTestSuite(TestCaseMain.java:185)
	at com.kms.katalon.core.main.TestCaseMain$startTestSuite$0.call(Unknown Source)
	at TempTestSuite1678030936069.run(TempTestSuite1678030936069.groovy:36)
Caused by: com.kms.katalon.core.exception.StepFailedException: com.kms.katalon.core.webui.exception.WebElementNotFoundException: Web element with id: 'Object Repository/Page_Faktoriall/div_Faktorial dari 10 adalah 3628800' located by '//*[@id = 'result' and (contains(text(), 'Faktorial dari') or contains(., 'Faktorial dari'))]' not found
	at com.kms.katalon.core.webui.keyword.internal.WebUIKeywordMain.stepFailed(WebUIKeywordMain.groovy:64)
	at com.kms.katalon.core.webui.keyword.builtin.VerifyElementPresentKeyword$_verifyElementPresent_closure1.doCall(VerifyElementPresentKeyword.groovy:85)
	at com.kms.katalon.core.webui.keyword.builtin.VerifyElementPresentKeyword$_verifyElementPresent_closure1.call(VerifyElementPresentKeyword.groovy)
	at com.kms.katalon.core.webui.keyword.internal.WebUIKeywordMain.runKeyword(WebUIKeywordMain.groovy:20)
	... 19 more


2023-03-05 22:43:04 - [TEST_STEP][PASSED] - openBrowser(""): Browser is opened with url: ''

2023-03-05 22:43:04 - [MESSAGE][WARNING] - A browser is already opened. Closing browser and opening a new one

2023-03-05 22:43:04 - [MESSAGE][INFO] - Starting 'Chrome' driver

2023-03-05 22:43:04 - [MESSAGE][INFO] - Action delay is set to 0 milliseconds

2023-03-05 22:43:07 - [MESSAGE][PASSED] - Browser is opened with url: ''

2023-03-05 22:43:07 - [TEST_STEP][PASSED] - navigateToUrl("https://qa.putraprima.id/"): Navigate to 'https://qa.putraprima.id/' successfully

2023-03-05 22:43:09 - [MESSAGE][PASSED] - Navigate to 'https://qa.putraprima.id/' successfully

2023-03-05 22:43:09 - [TEST_STEP][PASSED] - setText(findTestObject("Object Repository/Page_Faktoriall/input_Kalkulator Faktorial_input"), Input): Text '171' is set on object 'Object Repository/Page_Faktoriall/input_Kalkulator Faktorial_input'

2023-03-05 22:43:11 - [MESSAGE][PASSED] - Text '171' is set on object 'Object Repository/Page_Faktoriall/input_Kalkulator Faktorial_input'

2023-03-05 22:43:11 - [TEST_STEP][PASSED] - click(findTestObject("Object Repository/Page_Faktoriall/button_Hitung                              _be4487")): Object: 'Object Repository/Page_Faktoriall/button_Hitung                              _be4487' is clicked on

2023-03-05 22:43:11 - [MESSAGE][PASSED] - Object: 'Object Repository/Page_Faktoriall/button_Hitung                              _be4487' is clicked on

2023-03-05 22:43:11 - [TEST_STEP][FAILED] - verifyElementPresent(findTestObject("Page_Faktoriall/div_Faktorial dari 10 adalah 3628800"), 3): Unable to verify object 'Object Repository/Page_Faktoriall/div_Faktorial dari 10 adalah 3628800' is present (Root cause: com.kms.katalon.core.exception.StepFailedException: Unable to verify object 'Object Repository/Page_Faktoriall/div_Faktorial dari 10 adalah 3628800' is present
	at com.kms.katalon.core.webui.keyword.internal.WebUIKeywordMain.stepFailed(WebUIKeywordMain.groovy:64)
	at com.kms.katalon.core.webui.keyword.internal.WebUIKeywordMain.runKeyword(WebUIKeywordMain.groovy:26)
	at com.kms.katalon.core.webui.keyword.builtin.VerifyElementPresentKeyword.verifyElementPresent(VerifyElementPresentKeyword.groovy:92)
	at com.kms.katalon.core.webui.keyword.builtin.VerifyElementPresentKeyword.execute(VerifyElementPresentKeyword.groovy:68)
	at com.kms.katalon.core.keyword.internal.KeywordExecutor.executeKeywordForPlatform(KeywordExecutor.groovy:74)
	at com.kms.katalon.core.webui.keyword.WebUiBuiltInKeywords.verifyElementPresent(WebUiBuiltInKeywords.groovy:1464)
	at com.kms.katalon.core.webui.keyword.WebUiBuiltInKeywords$verifyElementPresent$3.call(Unknown Source)
	at Menghitung Faktorial Integer.run(Menghitung Faktorial Integer:28)
	at com.kms.katalon.core.main.ScriptEngine.run(ScriptEngine.java:194)
	at com.kms.katalon.core.main.ScriptEngine.runScriptAsRawText(ScriptEngine.java:119)
	at com.kms.katalon.core.main.TestCaseExecutor.runScript(TestCaseExecutor.java:448)
	at com.kms.katalon.core.main.TestCaseExecutor.doExecute(TestCaseExecutor.java:439)
	at com.kms.katalon.core.main.TestCaseExecutor.processExecutionPhase(TestCaseExecutor.java:418)
	at com.kms.katalon.core.main.TestCaseExecutor.accessMainPhase(TestCaseExecutor.java:410)
	at com.kms.katalon.core.main.TestCaseExecutor.execute(TestCaseExecutor.java:285)
	at com.kms.katalon.core.common.CommonExecutor.accessTestCaseMainPhase(CommonExecutor.java:65)
	at com.kms.katalon.core.main.TestSuiteExecutor.accessTestSuiteMainPhase(TestSuiteExecutor.java:144)
	at com.kms.katalon.core.main.TestSuiteExecutor.execute(TestSuiteExecutor.java:106)
	at com.kms.katalon.core.main.TestCaseMain.startTestSuite(TestCaseMain.java:185)
	at com.kms.katalon.core.main.TestCaseMain$startTestSuite$0.call(Unknown Source)
	at TempTestSuite1678030936069.run(TempTestSuite1678030936069.groovy:36)
Caused by: com.kms.katalon.core.exception.StepFailedException: com.kms.katalon.core.webui.exception.WebElementNotFoundException: Web element with id: 'Object Repository/Page_Faktoriall/div_Faktorial dari 10 adalah 3628800' located by '//*[@id = 'result' and (contains(text(), 'Faktorial dari') or contains(., 'Faktorial dari'))]' not found
	at com.kms.katalon.core.webui.keyword.internal.WebUIKeywordMain.stepFailed(WebUIKeywordMain.groovy:64)
	at com.kms.katalon.core.webui.keyword.builtin.VerifyElementPresentKeyword$_verifyElementPresent_closure1.doCall(VerifyElementPresentKeyword.groovy:85)
	at com.kms.katalon.core.webui.keyword.builtin.VerifyElementPresentKeyword$_verifyElementPresent_closure1.call(VerifyElementPresentKeyword.groovy)
	at com.kms.katalon.core.webui.keyword.internal.WebUIKeywordMain.runKeyword(WebUIKeywordMain.groovy:20)
	... 19 more
)

2023-03-05 22:43:15 - [MESSAGE][INFO] - Unable to find the element located by 'By.xpath: //*[@id = 'result' and (contains(text(), 'Faktorial dari') or contains(., 'Faktorial dari'))]'. Please recheck the objects properties to make sure the desired element is located. 

2023-03-05 22:43:16 - [MESSAGE][FAILED] - com.kms.katalon.core.webui.exception.WebElementNotFoundException: Web element with id: 'Object Repository/Page_Faktoriall/div_Faktorial dari 10 adalah 3628800' located by '//*[@id = 'result' and (contains(text(), 'Faktorial dari') or contains(., 'Faktorial dari'))]' not found (Root cause: com.kms.katalon.core.exception.StepFailedException: com.kms.katalon.core.webui.exception.WebElementNotFoundException: Web element with id: 'Object Repository/Page_Faktoriall/div_Faktorial dari 10 adalah 3628800' located by '//*[@id = 'result' and (contains(text(), 'Faktorial dari') or contains(., 'Faktorial dari'))]' not found
	at com.kms.katalon.core.webui.keyword.internal.WebUIKeywordMain.stepFailed(WebUIKeywordMain.groovy:64)
	at com.kms.katalon.core.webui.keyword.builtin.VerifyElementPresentKeyword$_verifyElementPresent_closure1.doCall(VerifyElementPresentKeyword.groovy:85)
	at com.kms.katalon.core.webui.keyword.builtin.VerifyElementPresentKeyword$_verifyElementPresent_closure1.call(VerifyElementPresentKeyword.groovy)
	at com.kms.katalon.core.webui.keyword.internal.WebUIKeywordMain.runKeyword(WebUIKeywordMain.groovy:20)
	at com.kms.katalon.core.webui.keyword.builtin.VerifyElementPresentKeyword.verifyElementPresent(VerifyElementPresentKeyword.groovy:92)
	at com.kms.katalon.core.webui.keyword.builtin.VerifyElementPresentKeyword.execute(VerifyElementPresentKeyword.groovy:68)
	at com.kms.katalon.core.keyword.internal.KeywordExecutor.executeKeywordForPlatform(KeywordExecutor.groovy:74)
	at com.kms.katalon.core.webui.keyword.WebUiBuiltInKeywords.verifyElementPresent(WebUiBuiltInKeywords.groovy:1464)
	at com.kms.katalon.core.webui.keyword.WebUiBuiltInKeywords$verifyElementPresent$3.call(Unknown Source)
	at Menghitung Faktorial Integer.run(Menghitung Faktorial Integer:28)
	at com.kms.katalon.core.main.ScriptEngine.run(ScriptEngine.java:194)
	at com.kms.katalon.core.main.ScriptEngine.runScriptAsRawText(ScriptEngine.java:119)
	at com.kms.katalon.core.main.TestCaseExecutor.runScript(TestCaseExecutor.java:448)
	at com.kms.katalon.core.main.TestCaseExecutor.doExecute(TestCaseExecutor.java:439)
	at com.kms.katalon.core.main.TestCaseExecutor.processExecutionPhase(TestCaseExecutor.java:418)
	at com.kms.katalon.core.main.TestCaseExecutor.accessMainPhase(TestCaseExecutor.java:410)
	at com.kms.katalon.core.main.TestCaseExecutor.execute(TestCaseExecutor.java:285)
	at com.kms.katalon.core.common.CommonExecutor.accessTestCaseMainPhase(CommonExecutor.java:65)
	at com.kms.katalon.core.main.TestSuiteExecutor.accessTestSuiteMainPhase(TestSuiteExecutor.java:144)
	at com.kms.katalon.core.main.TestSuiteExecutor.execute(TestSuiteExecutor.java:106)
	at com.kms.katalon.core.main.TestCaseMain.startTestSuite(TestCaseMain.java:185)
	at com.kms.katalon.core.main.TestCaseMain$startTestSuite$0.call(Unknown Source)
	at TempTestSuite1678030936069.run(TempTestSuite1678030936069.groovy:36)
)
[[ATTACHMENT|/Users/macbook/Katalon Studio/Sevima/Reports/20230305_224216/Regresi Faktorial/20230305_224216/1678030995897.png]]

2023-03-05 22:43:16 - [MESSAGE][FAILED] - Unable to verify object 'Object Repository/Page_Faktoriall/div_Faktorial dari 10 adalah 3628800' is present (Root cause: com.kms.katalon.core.exception.StepFailedException: Unable to verify object 'Object Repository/Page_Faktoriall/div_Faktorial dari 10 adalah 3628800' is present
	at com.kms.katalon.core.webui.keyword.internal.WebUIKeywordMain.stepFailed(WebUIKeywordMain.groovy:64)
	at com.kms.katalon.core.webui.keyword.internal.WebUIKeywordMain.runKeyword(WebUIKeywordMain.groovy:26)
	at com.kms.katalon.core.webui.keyword.builtin.VerifyElementPresentKeyword.verifyElementPresent(VerifyElementPresentKeyword.groovy:92)
	at com.kms.katalon.core.webui.keyword.builtin.VerifyElementPresentKeyword.execute(VerifyElementPresentKeyword.groovy:68)
	at com.kms.katalon.core.keyword.internal.KeywordExecutor.executeKeywordForPlatform(KeywordExecutor.groovy:74)
	at com.kms.katalon.core.webui.keyword.WebUiBuiltInKeywords.verifyElementPresent(WebUiBuiltInKeywords.groovy:1464)
	at com.kms.katalon.core.webui.keyword.WebUiBuiltInKeywords$verifyElementPresent$3.call(Unknown Source)
	at Menghitung Faktorial Integer.run(Menghitung Faktorial Integer:28)
	at com.kms.katalon.core.main.ScriptEngine.run(ScriptEngine.java:194)
	at com.kms.katalon.core.main.ScriptEngine.runScriptAsRawText(ScriptEngine.java:119)
	at com.kms.katalon.core.main.TestCaseExecutor.runScript(TestCaseExecutor.java:448)
	at com.kms.katalon.core.main.TestCaseExecutor.doExecute(TestCaseExecutor.java:439)
	at com.kms.katalon.core.main.TestCaseExecutor.processExecutionPhase(TestCaseExecutor.java:418)
	at com.kms.katalon.core.main.TestCaseExecutor.accessMainPhase(TestCaseExecutor.java:410)
	at com.kms.katalon.core.main.TestCaseExecutor.execute(TestCaseExecutor.java:285)
	at com.kms.katalon.core.common.CommonExecutor.accessTestCaseMainPhase(CommonExecutor.java:65)
	at com.kms.katalon.core.main.TestSuiteExecutor.accessTestSuiteMainPhase(TestSuiteExecutor.java:144)
	at com.kms.katalon.core.main.TestSuiteExecutor.execute(TestSuiteExecutor.java:106)
	at com.kms.katalon.core.main.TestCaseMain.startTestSuite(TestCaseMain.java:185)
	at com.kms.katalon.core.main.TestCaseMain$startTestSuite$0.call(Unknown Source)
	at TempTestSuite1678030936069.run(TempTestSuite1678030936069.groovy:36)
Caused by: com.kms.katalon.core.exception.StepFailedException: com.kms.katalon.core.webui.exception.WebElementNotFoundException: Web element with id: 'Object Repository/Page_Faktoriall/div_Faktorial dari 10 adalah 3628800' located by '//*[@id = 'result' and (contains(text(), 'Faktorial dari') or contains(., 'Faktorial dari'))]' not found
	at com.kms.katalon.core.webui.keyword.internal.WebUIKeywordMain.stepFailed(WebUIKeywordMain.groovy:64)
	at com.kms.katalon.core.webui.keyword.builtin.VerifyElementPresentKeyword$_verifyElementPresent_closure1.doCall(VerifyElementPresentKeyword.groovy:85)
	at com.kms.katalon.core.webui.keyword.builtin.VerifyElementPresentKeyword$_verifyElementPresent_closure1.call(VerifyElementPresentKeyword.groovy)
	at com.kms.katalon.core.webui.keyword.internal.WebUIKeywordMain.runKeyword(WebUIKeywordMain.groovy:20)
	... 19 more
)
[[ATTACHMENT|/Users/macbook/Katalon Studio/Sevima/Reports/20230305_224216/Regresi Faktorial/20230305_224216/1678030996040.png]]]]></system-out>
         <system-err><![CDATA[2023-03-05 22:43:04 - [TEST_CASE][FAILED] - Test Cases/Menghitung Faktorial Integer: Test Cases/Menghitung Faktorial Integer FAILED.
Reason:
com.kms.katalon.core.exception.StepFailedException: Unable to verify object 'Object Repository/Page_Faktoriall/div_Faktorial dari 10 adalah 3628800' is present
	at com.kms.katalon.core.webui.keyword.internal.WebUIKeywordMain.stepFailed(WebUIKeywordMain.groovy:64)
	at com.kms.katalon.core.webui.keyword.internal.WebUIKeywordMain.runKeyword(WebUIKeywordMain.groovy:26)
	at com.kms.katalon.core.webui.keyword.builtin.VerifyElementPresentKeyword.verifyElementPresent(VerifyElementPresentKeyword.groovy:92)
	at com.kms.katalon.core.webui.keyword.builtin.VerifyElementPresentKeyword.execute(VerifyElementPresentKeyword.groovy:68)
	at com.kms.katalon.core.keyword.internal.KeywordExecutor.executeKeywordForPlatform(KeywordExecutor.groovy:74)
	at com.kms.katalon.core.webui.keyword.WebUiBuiltInKeywords.verifyElementPresent(WebUiBuiltInKeywords.groovy:1464)
	at com.kms.katalon.core.webui.keyword.WebUiBuiltInKeywords$verifyElementPresent$3.call(Unknown Source)
	at Menghitung Faktorial Integer.run(Menghitung Faktorial Integer:28)
	at com.kms.katalon.core.main.ScriptEngine.run(ScriptEngine.java:194)
	at com.kms.katalon.core.main.ScriptEngine.runScriptAsRawText(ScriptEngine.java:119)
	at com.kms.katalon.core.main.TestCaseExecutor.runScript(TestCaseExecutor.java:448)
	at com.kms.katalon.core.main.TestCaseExecutor.doExecute(TestCaseExecutor.java:439)
	at com.kms.katalon.core.main.TestCaseExecutor.processExecutionPhase(TestCaseExecutor.java:418)
	at com.kms.katalon.core.main.TestCaseExecutor.accessMainPhase(TestCaseExecutor.java:410)
	at com.kms.katalon.core.main.TestCaseExecutor.execute(TestCaseExecutor.java:285)
	at com.kms.katalon.core.common.CommonExecutor.accessTestCaseMainPhase(CommonExecutor.java:65)
	at com.kms.katalon.core.main.TestSuiteExecutor.accessTestSuiteMainPhase(TestSuiteExecutor.java:144)
	at com.kms.katalon.core.main.TestSuiteExecutor.execute(TestSuiteExecutor.java:106)
	at com.kms.katalon.core.main.TestCaseMain.startTestSuite(TestCaseMain.java:185)
	at com.kms.katalon.core.main.TestCaseMain$startTestSuite$0.call(Unknown Source)
	at TempTestSuite1678030936069.run(TempTestSuite1678030936069.groovy:36)
Caused by: com.kms.katalon.core.exception.StepFailedException: com.kms.katalon.core.webui.exception.WebElementNotFoundException: Web element with id: 'Object Repository/Page_Faktoriall/div_Faktorial dari 10 adalah 3628800' located by '//*[@id = 'result' and (contains(text(), 'Faktorial dari') or contains(., 'Faktorial dari'))]' not found
	at com.kms.katalon.core.webui.keyword.internal.WebUIKeywordMain.stepFailed(WebUIKeywordMain.groovy:64)
	at com.kms.katalon.core.webui.keyword.builtin.VerifyElementPresentKeyword$_verifyElementPresent_closure1.doCall(VerifyElementPresentKeyword.groovy:85)
	at com.kms.katalon.core.webui.keyword.builtin.VerifyElementPresentKeyword$_verifyElementPresent_closure1.call(VerifyElementPresentKeyword.groovy)
	at com.kms.katalon.core.webui.keyword.internal.WebUIKeywordMain.runKeyword(WebUIKeywordMain.groovy:20)
	... 19 more]]></system-err>
      </testcase>
      <testcase name="Test Cases/Menghitung Faktorial karakter selain integer" time="9.797" classname="Test Cases/Menghitung Faktorial karakter selain integer" status="PASSED">
         <system-out><![CDATA[2023-03-05 22:43:16 - [TEST_CASE][PASSED] - Test Cases/Menghitung Faktorial karakter selain integer: Test Cases/Menghitung Faktorial karakter selain integer

2023-03-05 22:43:16 - [TEST_STEP][PASSED] - openBrowser(""): Browser is opened with url: ''

2023-03-05 22:43:16 - [MESSAGE][WARNING] - A browser is already opened. Closing browser and opening a new one

2023-03-05 22:43:16 - [MESSAGE][INFO] - Starting 'Chrome' driver

2023-03-05 22:43:16 - [MESSAGE][INFO] - Action delay is set to 0 milliseconds

2023-03-05 22:43:18 - [MESSAGE][PASSED] - Browser is opened with url: ''

2023-03-05 22:43:18 - [TEST_STEP][PASSED] - navigateToUrl("https://qa.putraprima.id/"): Navigate to 'https://qa.putraprima.id/' successfully

2023-03-05 22:43:21 - [MESSAGE][PASSED] - Navigate to 'https://qa.putraprima.id/' successfully

2023-03-05 22:43:21 - [TEST_STEP][PASSED] - setText(findTestObject("Object Repository/Page_Faktoriall/input_Kalkulator Faktorial_input"), "abc"): Text 'abc' is set on object 'Object Repository/Page_Faktoriall/input_Kalkulator Faktorial_input'

2023-03-05 22:43:22 - [MESSAGE][PASSED] - Text 'abc' is set on object 'Object Repository/Page_Faktoriall/input_Kalkulator Faktorial_input'

2023-03-05 22:43:22 - [TEST_STEP][PASSED] - click(findTestObject("Object Repository/Page_Faktoriall/button_Hitung                              _be4487")): Object: 'Object Repository/Page_Faktoriall/button_Hitung                              _be4487' is clicked on

2023-03-05 22:43:22 - [MESSAGE][PASSED] - Object: 'Object Repository/Page_Faktoriall/button_Hitung                              _be4487' is clicked on

2023-03-05 22:43:22 - [TEST_STEP][PASSED] - verifyElementPresent(findTestObject("Page_Faktoriall/div_Please enter an integer"), 0): Object 'Object Repository/Page_Faktoriall/div_Please enter an integer' is present

2023-03-05 22:43:22 - [MESSAGE][WARNING] - Timeout '0' is invalid. Using default page load timeout: '30'

2023-03-05 22:43:23 - [MESSAGE][PASSED] - Object 'Object Repository/Page_Faktoriall/div_Please enter an integer' is present

2023-03-05 22:43:23 - [TEST_STEP][PASSED] - takeScreenshot(): Taking screenshot successfully

2023-03-05 22:43:23 - [MESSAGE][PASSED] - Taking screenshot successfully
[[ATTACHMENT|/Users/macbook/Katalon Studio/Sevima/Reports/20230305_224216/Regresi Faktorial/20230305_224216/1678031003821.png]]

2023-03-05 22:43:23 - [TEST_STEP][PASSED] - delay(2): Delayed 2 second(s)

2023-03-05 22:43:25 - [MESSAGE][PASSED] - Delayed 2 second(s)]]></system-out>
         <system-err><![CDATA[]]></system-err>
      </testcase>
      <testcase name="Test Cases/Menghitung Faktorial null Value" time="9.534" classname="Test Cases/Menghitung Faktorial null Value" status="PASSED">
         <system-out><![CDATA[2023-03-05 22:43:25 - [TEST_CASE][PASSED] - Test Cases/Menghitung Faktorial null Value: Test Cases/Menghitung Faktorial null Value

2023-03-05 22:43:26 - [TEST_STEP][PASSED] - openBrowser(""): Browser is opened with url: ''

2023-03-05 22:43:26 - [MESSAGE][WARNING] - A browser is already opened. Closing browser and opening a new one

2023-03-05 22:43:26 - [MESSAGE][INFO] - Starting 'Chrome' driver

2023-03-05 22:43:26 - [MESSAGE][INFO] - Action delay is set to 0 milliseconds

2023-03-05 22:43:28 - [MESSAGE][PASSED] - Browser is opened with url: ''

2023-03-05 22:43:28 - [TEST_STEP][PASSED] - navigateToUrl("https://qa.putraprima.id/"): Navigate to 'https://qa.putraprima.id/' successfully

2023-03-05 22:43:31 - [MESSAGE][PASSED] - Navigate to 'https://qa.putraprima.id/' successfully

2023-03-05 22:43:31 - [TEST_STEP][PASSED] - setText(findTestObject("Object Repository/Page_Faktoriall/input_Kalkulator Faktorial_input"), ""): Text '' is set on object 'Object Repository/Page_Faktoriall/input_Kalkulator Faktorial_input'

2023-03-05 22:43:31 - [MESSAGE][PASSED] - Text '' is set on object 'Object Repository/Page_Faktoriall/input_Kalkulator Faktorial_input'

2023-03-05 22:43:31 - [TEST_STEP][PASSED] - click(findTestObject("Object Repository/Page_Faktoriall/button_Hitung                              _be4487")): Object: 'Object Repository/Page_Faktoriall/button_Hitung                              _be4487' is clicked on

2023-03-05 22:43:32 - [MESSAGE][PASSED] - Object: 'Object Repository/Page_Faktoriall/button_Hitung                              _be4487' is clicked on

2023-03-05 22:43:32 - [TEST_STEP][PASSED] - verifyElementPresent(findTestObject("Page_Faktoriall/div_Please enter an integer"), 0): Object 'Object Repository/Page_Faktoriall/div_Please enter an integer' is present

2023-03-05 22:43:32 - [MESSAGE][WARNING] - Timeout '0' is invalid. Using default page load timeout: '30'

2023-03-05 22:43:33 - [MESSAGE][PASSED] - Object 'Object Repository/Page_Faktoriall/div_Please enter an integer' is present

2023-03-05 22:43:33 - [TEST_STEP][PASSED] - takeScreenshot(): Taking screenshot successfully

2023-03-05 22:43:33 - [MESSAGE][PASSED] - Taking screenshot successfully
[[ATTACHMENT|/Users/macbook/Katalon Studio/Sevima/Reports/20230305_224216/Regresi Faktorial/20230305_224216/1678031013365.png]]

2023-03-05 22:43:33 - [TEST_STEP][PASSED] - delay(2): Delayed 2 second(s)

2023-03-05 22:43:35 - [MESSAGE][PASSED] - Delayed 2 second(s)]]></system-out>
         <system-err><![CDATA[]]></system-err>
      </testcase>
      <testcase name="Test Cases/Click Hyperlink Privacy Policy" time="9.593" classname="Test Cases/Click Hyperlink Privacy Policy" status="PASSED">
         <system-out><![CDATA[2023-03-05 22:43:35 - [TEST_CASE][PASSED] - Test Cases/Click Hyperlink Privacy Policy: Test Cases/Click Hyperlink Privacy Policy

2023-03-05 22:43:35 - [TEST_STEP][PASSED] - openBrowser(""): Browser is opened with url: ''

2023-03-05 22:43:35 - [MESSAGE][WARNING] - A browser is already opened. Closing browser and opening a new one

2023-03-05 22:43:35 - [MESSAGE][INFO] - Starting 'Chrome' driver

2023-03-05 22:43:35 - [MESSAGE][INFO] - Action delay is set to 0 milliseconds

2023-03-05 22:43:38 - [MESSAGE][PASSED] - Browser is opened with url: ''

2023-03-05 22:43:38 - [TEST_STEP][PASSED] - navigateToUrl("https://qa.putraprima.id/"): Navigate to 'https://qa.putraprima.id/' successfully

2023-03-05 22:43:41 - [MESSAGE][PASSED] - Navigate to 'https://qa.putraprima.id/' successfully

2023-03-05 22:43:41 - [TEST_STEP][PASSED] - click(findTestObject("Page_Faktoriall/a_Privacy Policy")): Object: 'Object Repository/Page_Faktoriall/a_Privacy Policy' is clicked on

2023-03-05 22:43:41 - [MESSAGE][PASSED] - Object: 'Object Repository/Page_Faktoriall/a_Privacy Policy' is clicked on

2023-03-05 22:43:41 - [TEST_STEP][PASSED] - delay(3): Delayed 3 second(s)

2023-03-05 22:43:44 - [MESSAGE][PASSED] - Delayed 3 second(s)

2023-03-05 22:43:44 - [TEST_STEP][PASSED] - takeScreenshot(): Taking screenshot successfully

2023-03-05 22:43:45 - [MESSAGE][PASSED] - Taking screenshot successfully
[[ATTACHMENT|/Users/macbook/Katalon Studio/Sevima/Reports/20230305_224216/Regresi Faktorial/20230305_224216/1678031024985.png]]]]></system-out>
         <system-err><![CDATA[]]></system-err>
      </testcase>
      <testcase name="Test Cases/Click Hyperlink Terms of Service" time="9.062" classname="Test Cases/Click Hyperlink Terms of Service" status="PASSED">
         <system-out><![CDATA[2023-03-05 22:43:45 - [TEST_CASE][PASSED] - Test Cases/Click Hyperlink Terms of Service: Test Cases/Click Hyperlink Terms of Service

2023-03-05 22:43:45 - [TEST_STEP][PASSED] - openBrowser(""): Browser is opened with url: ''

2023-03-05 22:43:45 - [MESSAGE][WARNING] - A browser is already opened. Closing browser and opening a new one

2023-03-05 22:43:45 - [MESSAGE][INFO] - Starting 'Chrome' driver

2023-03-05 22:43:45 - [MESSAGE][INFO] - Action delay is set to 0 milliseconds

2023-03-05 22:43:47 - [MESSAGE][PASSED] - Browser is opened with url: ''

2023-03-05 22:43:47 - [TEST_STEP][PASSED] - navigateToUrl("https://qa.putraprima.id/"): Navigate to 'https://qa.putraprima.id/' successfully

2023-03-05 22:43:50 - [MESSAGE][PASSED] - Navigate to 'https://qa.putraprima.id/' successfully

2023-03-05 22:43:50 - [TEST_STEP][PASSED] - click(findTestObject("Page_Faktoriall/a_Terms Of Service")): Object: 'Object Repository/Page_Faktoriall/a_Terms Of Service' is clicked on

2023-03-05 22:43:50 - [MESSAGE][PASSED] - Object: 'Object Repository/Page_Faktoriall/a_Terms Of Service' is clicked on

2023-03-05 22:43:50 - [TEST_STEP][PASSED] - delay(3): Delayed 3 second(s)

2023-03-05 22:43:53 - [MESSAGE][PASSED] - Delayed 3 second(s)

2023-03-05 22:43:53 - [TEST_STEP][PASSED] - takeScreenshot(): Taking screenshot successfully

2023-03-05 22:43:54 - [MESSAGE][PASSED] - Taking screenshot successfully
[[ATTACHMENT|/Users/macbook/Katalon Studio/Sevima/Reports/20230305_224216/Regresi Faktorial/20230305_224216/1678031034046.png]]]]></system-out>
         <system-err><![CDATA[]]></system-err>
      </testcase>
      <system-out><![CDATA[2023-03-05 22:42:28 - [TEST_SUITE][FAILED] - Regresi Faktorial: Test Cases/Menghitung Faktorial Integer FAILED.
Reason:
com.kms.katalon.core.exception.StepFailedException: Unable to verify object 'Object Repository/Page_Faktoriall/div_Faktorial dari 10 adalah 3628800' is present
	at com.kms.katalon.core.webui.keyword.internal.WebUIKeywordMain.stepFailed(WebUIKeywordMain.groovy:64)
	at com.kms.katalon.core.webui.keyword.internal.WebUIKeywordMain.runKeyword(WebUIKeywordMain.groovy:26)
	at com.kms.katalon.core.webui.keyword.builtin.VerifyElementPresentKeyword.verifyElementPresent(VerifyElementPresentKeyword.groovy:92)
	at com.kms.katalon.core.webui.keyword.builtin.VerifyElementPresentKeyword.execute(VerifyElementPresentKeyword.groovy:68)
	at com.kms.katalon.core.keyword.internal.KeywordExecutor.executeKeywordForPlatform(KeywordExecutor.groovy:74)
	at com.kms.katalon.core.webui.keyword.WebUiBuiltInKeywords.verifyElementPresent(WebUiBuiltInKeywords.groovy:1464)
	at com.kms.katalon.core.webui.keyword.WebUiBuiltInKeywords$verifyElementPresent$3.call(Unknown Source)
	at Menghitung Faktorial Integer.run(Menghitung Faktorial Integer:28)
	at com.kms.katalon.core.main.ScriptEngine.run(ScriptEngine.java:194)
	at com.kms.katalon.core.main.ScriptEngine.runScriptAsRawText(ScriptEngine.java:119)
	at com.kms.katalon.core.main.TestCaseExecutor.runScript(TestCaseExecutor.java:448)
	at com.kms.katalon.core.main.TestCaseExecutor.doExecute(TestCaseExecutor.java:439)
	at com.kms.katalon.core.main.TestCaseExecutor.processExecutionPhase(TestCaseExecutor.java:418)
	at com.kms.katalon.core.main.TestCaseExecutor.accessMainPhase(TestCaseExecutor.java:410)
	at com.kms.katalon.core.main.TestCaseExecutor.execute(TestCaseExecutor.java:285)
	at com.kms.katalon.core.common.CommonExecutor.accessTestCaseMainPhase(CommonExecutor.java:65)
	at com.kms.katalon.core.main.TestSuiteExecutor.accessTestSuiteMainPhase(TestSuiteExecutor.java:144)
	at com.kms.katalon.core.main.TestSuiteExecutor.execute(TestSuiteExecutor.java:106)
	at com.kms.katalon.core.main.TestCaseMain.startTestSuite(TestCaseMain.java:185)
	at com.kms.katalon.core.main.TestCaseMain$startTestSuite$0.call(Unknown Source)
	at TempTestSuite1678030936069.run(TempTestSuite1678030936069.groovy:36)
Caused by: com.kms.katalon.core.exception.StepFailedException: com.kms.katalon.core.webui.exception.WebElementNotFoundException: Web element with id: 'Object Repository/Page_Faktoriall/div_Faktorial dari 10 adalah 3628800' located by '//*[@id = 'result' and (contains(text(), 'Faktorial dari') or contains(., 'Faktorial dari'))]' not found
	at com.kms.katalon.core.webui.keyword.internal.WebUIKeywordMain.stepFailed(WebUIKeywordMain.groovy:64)
	at com.kms.katalon.core.webui.keyword.builtin.VerifyElementPresentKeyword$_verifyElementPresent_closure1.doCall(VerifyElementPresentKeyword.groovy:85)
	at com.kms.katalon.core.webui.keyword.builtin.VerifyElementPresentKeyword$_verifyElementPresent_closure1.call(VerifyElementPresentKeyword.groovy)
	at com.kms.katalon.core.webui.keyword.internal.WebUIKeywordMain.runKeyword(WebUIKeywordMain.groovy:20)
	... 19 more]]></system-out>
      <system-err><![CDATA[2023-03-05 22:42:28 - [TEST_SUITE][FAILED] - Regresi Faktorial: Test Cases/Menghitung Faktorial Integer FAILED.
Reason:
com.kms.katalon.core.exception.StepFailedException: Unable to verify object 'Object Repository/Page_Faktoriall/div_Faktorial dari 10 adalah 3628800' is present
	at com.kms.katalon.core.webui.keyword.internal.WebUIKeywordMain.stepFailed(WebUIKeywordMain.groovy:64)
	at com.kms.katalon.core.webui.keyword.internal.WebUIKeywordMain.runKeyword(WebUIKeywordMain.groovy:26)
	at com.kms.katalon.core.webui.keyword.builtin.VerifyElementPresentKeyword.verifyElementPresent(VerifyElementPresentKeyword.groovy:92)
	at com.kms.katalon.core.webui.keyword.builtin.VerifyElementPresentKeyword.execute(VerifyElementPresentKeyword.groovy:68)
	at com.kms.katalon.core.keyword.internal.KeywordExecutor.executeKeywordForPlatform(KeywordExecutor.groovy:74)
	at com.kms.katalon.core.webui.keyword.WebUiBuiltInKeywords.verifyElementPresent(WebUiBuiltInKeywords.groovy:1464)
	at com.kms.katalon.core.webui.keyword.WebUiBuiltInKeywords$verifyElementPresent$3.call(Unknown Source)
	at Menghitung Faktorial Integer.run(Menghitung Faktorial Integer:28)
	at com.kms.katalon.core.main.ScriptEngine.run(ScriptEngine.java:194)
	at com.kms.katalon.core.main.ScriptEngine.runScriptAsRawText(ScriptEngine.java:119)
	at com.kms.katalon.core.main.TestCaseExecutor.runScript(TestCaseExecutor.java:448)
	at com.kms.katalon.core.main.TestCaseExecutor.doExecute(TestCaseExecutor.java:439)
	at com.kms.katalon.core.main.TestCaseExecutor.processExecutionPhase(TestCaseExecutor.java:418)
	at com.kms.katalon.core.main.TestCaseExecutor.accessMainPhase(TestCaseExecutor.java:410)
	at com.kms.katalon.core.main.TestCaseExecutor.execute(TestCaseExecutor.java:285)
	at com.kms.katalon.core.common.CommonExecutor.accessTestCaseMainPhase(CommonExecutor.java:65)
	at com.kms.katalon.core.main.TestSuiteExecutor.accessTestSuiteMainPhase(TestSuiteExecutor.java:144)
	at com.kms.katalon.core.main.TestSuiteExecutor.execute(TestSuiteExecutor.java:106)
	at com.kms.katalon.core.main.TestCaseMain.startTestSuite(TestCaseMain.java:185)
	at com.kms.katalon.core.main.TestCaseMain$startTestSuite$0.call(Unknown Source)
	at TempTestSuite1678030936069.run(TempTestSuite1678030936069.groovy:36)
Caused by: com.kms.katalon.core.exception.StepFailedException: com.kms.katalon.core.webui.exception.WebElementNotFoundException: Web element with id: 'Object Repository/Page_Faktoriall/div_Faktorial dari 10 adalah 3628800' located by '//*[@id = 'result' and (contains(text(), 'Faktorial dari') or contains(., 'Faktorial dari'))]' not found
	at com.kms.katalon.core.webui.keyword.internal.WebUIKeywordMain.stepFailed(WebUIKeywordMain.groovy:64)
	at com.kms.katalon.core.webui.keyword.builtin.VerifyElementPresentKeyword$_verifyElementPresent_closure1.doCall(VerifyElementPresentKeyword.groovy:85)
	at com.kms.katalon.core.webui.keyword.builtin.VerifyElementPresentKeyword$_verifyElementPresent_closure1.call(VerifyElementPresentKeyword.groovy)
	at com.kms.katalon.core.webui.keyword.internal.WebUIKeywordMain.runKeyword(WebUIKeywordMain.groovy:20)
	... 19 more]]></system-err>
   </testsuite>
</testsuites>
