<?xml version="1.0" encoding="UTF-8"?>
<testsuites name="Regresi Faktorial" time="45.777" tests="4" failures="1" errors="0">
   <testsuite name="Regresi Faktorial" tests="4" failures="1" errors="0" time="45.777" skipped="0" timestamp="2023-03-05 22:40:48" hostname="macbook - localhost" id="Test Suites/Regresi Faktorial">
      <properties>
         <property name="deviceName" value=""/>
         <property name="devicePlatform" value=""/>
         <property name="logFolder" value="/Users/macbook/Katalon Studio/Sevima/Reports/20230305_224037/Regresi Faktorial/20230305_224037"/>
         <property name="logFiles" value="/Users/macbook/Katalon Studio/Sevima/Reports/20230305_224037/Regresi Faktorial/20230305_224037/execution0.log"/>
         <property name="attachments" value="/Users/macbook/Katalon Studio/Sevima/Reports/20230305_224037/Regresi Faktorial/20230305_224037/1678030860286.png, /Users/macbook/Katalon Studio/Sevima/Reports/20230305_224037/Regresi Faktorial/20230305_224037/1678030870618.png, /Users/macbook/Katalon Studio/Sevima/Reports/20230305_224037/Regresi Faktorial/20230305_224037/1678030880655.png, /Users/macbook/Katalon Studio/Sevima/Reports/20230305_224037/Regresi Faktorial/20230305_224037/1678030894109.png, /Users/macbook/Katalon Studio/Sevima/Reports/20230305_224037/Regresi Faktorial/20230305_224037/1678030894247.png"/>
         <property name="hostName" value="macbook - localhost"/>
         <property name="os" value="Mac OS X 64bit"/>
         <property name="katalonVersion" value="8.4.1.208"/>
         <property name="browser" value="Chrome 110.0.0.0"/>
         <property name="hostAddress" value="127.0.0.1"/>
         <property name="sessionId" value="4b9dd5038a521768e7052d0d19df7fa1"/>
         <property name="seleniumVersion" value="3.141.59"/>
         <property name="proxyInformation" value="ProxyInformation { proxyOption=NO_PROXY, proxyServerType=HTTP, username=, password=********, proxyServerAddress=, proxyServerPort=0, executionList=&quot;&quot;, isApplyToDesiredCapabilities=true }"/>
         <property name="platform" value="Mac OS X"/>
      </properties>
      <testcase name="Test Cases/Menghitung Faktorial Integer" time="13.312" classname="Test Cases/Menghitung Faktorial Integer" status="PASSED">
         <system-out><![CDATA[2023-03-05 22:40:49 - [TEST_CASE][PASSED] - Test Cases/Menghitung Faktorial Integer: Test Cases/Menghitung Faktorial Integer

2023-03-05 22:40:49 - [TEST_STEP][PASSED] - openBrowser(""): Browser is opened with url: ''

2023-03-05 22:40:50 - [MESSAGE][INFO] - Starting 'Chrome' driver

2023-03-05 22:40:50 - [MESSAGE][INFO] - Action delay is set to 0 milliseconds

2023-03-05 22:40:54 - [MESSAGE][PASSED] - Browser is opened with url: ''

2023-03-05 22:40:54 - [TEST_STEP][PASSED] - navigateToUrl("https://qa.putraprima.id/"): Navigate to 'https://qa.putraprima.id/' successfully

2023-03-05 22:40:56 - [MESSAGE][PASSED] - Navigate to 'https://qa.putraprima.id/' successfully

2023-03-05 22:40:56 - [TEST_STEP][PASSED] - setText(findTestObject("Object Repository/Page_Faktoriall/input_Kalkulator Faktorial_input"), Input): Text '1' is set on object 'Object Repository/Page_Faktoriall/input_Kalkulator Faktorial_input'

2023-03-05 22:40:58 - [MESSAGE][PASSED] - Text '1' is set on object 'Object Repository/Page_Faktoriall/input_Kalkulator Faktorial_input'

2023-03-05 22:40:58 - [TEST_STEP][PASSED] - click(findTestObject("Object Repository/Page_Faktoriall/button_Hitung                              _be4487")): Object: 'Object Repository/Page_Faktoriall/button_Hitung                              _be4487' is clicked on

2023-03-05 22:40:59 - [MESSAGE][PASSED] - Object: 'Object Repository/Page_Faktoriall/button_Hitung                              _be4487' is clicked on

2023-03-05 22:40:59 - [TEST_STEP][PASSED] - verifyElementPresent(findTestObject("Page_Faktoriall/div_Faktorial dari 10 adalah 3628800"), 3): Object 'Object Repository/Page_Faktoriall/div_Faktorial dari 10 adalah 3628800' is present

2023-03-05 22:40:59 - [MESSAGE][PASSED] - Object 'Object Repository/Page_Faktoriall/div_Faktorial dari 10 adalah 3628800' is present

2023-03-05 22:40:59 - [TEST_STEP][PASSED] - takeScreenshot(): Taking screenshot successfully

2023-03-05 22:41:00 - [MESSAGE][PASSED] - Taking screenshot successfully
[[ATTACHMENT|/Users/macbook/Katalon Studio/Sevima/Reports/20230305_224037/Regresi Faktorial/20230305_224037/1678030860286.png]]

2023-03-05 22:41:00 - [TEST_STEP][PASSED] - delay(2): Delayed 2 second(s)

2023-03-05 22:41:02 - [MESSAGE][PASSED] - Delayed 2 second(s)]]></system-out>
         <system-err><![CDATA[]]></system-err>
      </testcase>
      <testcase name="Test Cases/Menghitung Faktorial Integer" time="10.26" classname="Test Cases/Menghitung Faktorial Integer" status="PASSED">
         <system-out><![CDATA[2023-03-05 22:41:02 - [TEST_CASE][PASSED] - Test Cases/Menghitung Faktorial Integer: Test Cases/Menghitung Faktorial Integer

2023-03-05 22:41:02 - [TEST_STEP][PASSED] - openBrowser(""): Browser is opened with url: ''

2023-03-05 22:41:02 - [MESSAGE][WARNING] - A browser is already opened. Closing browser and opening a new one

2023-03-05 22:41:02 - [MESSAGE][INFO] - Starting 'Chrome' driver

2023-03-05 22:41:02 - [MESSAGE][INFO] - Action delay is set to 0 milliseconds

2023-03-05 22:41:04 - [MESSAGE][PASSED] - Browser is opened with url: ''

2023-03-05 22:41:04 - [TEST_STEP][PASSED] - navigateToUrl("https://qa.putraprima.id/"): Navigate to 'https://qa.putraprima.id/' successfully

2023-03-05 22:41:07 - [MESSAGE][PASSED] - Navigate to 'https://qa.putraprima.id/' successfully

2023-03-05 22:41:07 - [TEST_STEP][PASSED] - setText(findTestObject("Object Repository/Page_Faktoriall/input_Kalkulator Faktorial_input"), Input): Text '10' is set on object 'Object Repository/Page_Faktoriall/input_Kalkulator Faktorial_input'

2023-03-05 22:41:08 - [MESSAGE][PASSED] - Text '10' is set on object 'Object Repository/Page_Faktoriall/input_Kalkulator Faktorial_input'

2023-03-05 22:41:08 - [TEST_STEP][PASSED] - click(findTestObject("Object Repository/Page_Faktoriall/button_Hitung                              _be4487")): Object: 'Object Repository/Page_Faktoriall/button_Hitung                              _be4487' is clicked on

2023-03-05 22:41:09 - [MESSAGE][PASSED] - Object: 'Object Repository/Page_Faktoriall/button_Hitung                              _be4487' is clicked on

2023-03-05 22:41:09 - [TEST_STEP][PASSED] - verifyElementPresent(findTestObject("Page_Faktoriall/div_Faktorial dari 10 adalah 3628800"), 3): Object 'Object Repository/Page_Faktoriall/div_Faktorial dari 10 adalah 3628800' is present

2023-03-05 22:41:10 - [MESSAGE][PASSED] - Object 'Object Repository/Page_Faktoriall/div_Faktorial dari 10 adalah 3628800' is present

2023-03-05 22:41:10 - [TEST_STEP][PASSED] - takeScreenshot(): Taking screenshot successfully

2023-03-05 22:41:10 - [MESSAGE][PASSED] - Taking screenshot successfully
[[ATTACHMENT|/Users/macbook/Katalon Studio/Sevima/Reports/20230305_224037/Regresi Faktorial/20230305_224037/1678030870618.png]]

2023-03-05 22:41:10 - [TEST_STEP][PASSED] - delay(2): Delayed 2 second(s)

2023-03-05 22:41:12 - [MESSAGE][PASSED] - Delayed 2 second(s)]]></system-out>
         <system-err><![CDATA[]]></system-err>
      </testcase>
      <testcase name="Test Cases/Menghitung Faktorial Integer" time="10.0" classname="Test Cases/Menghitung Faktorial Integer" status="PASSED">
         <system-out><![CDATA[2023-03-05 22:41:12 - [TEST_CASE][PASSED] - Test Cases/Menghitung Faktorial Integer: Test Cases/Menghitung Faktorial Integer

2023-03-05 22:41:12 - [TEST_STEP][PASSED] - openBrowser(""): Browser is opened with url: ''

2023-03-05 22:41:12 - [MESSAGE][WARNING] - A browser is already opened. Closing browser and opening a new one

2023-03-05 22:41:13 - [MESSAGE][INFO] - Starting 'Chrome' driver

2023-03-05 22:41:13 - [MESSAGE][INFO] - Action delay is set to 0 milliseconds

2023-03-05 22:41:15 - [MESSAGE][PASSED] - Browser is opened with url: ''

2023-03-05 22:41:15 - [TEST_STEP][PASSED] - navigateToUrl("https://qa.putraprima.id/"): Navigate to 'https://qa.putraprima.id/' successfully

2023-03-05 22:41:17 - [MESSAGE][PASSED] - Navigate to 'https://qa.putraprima.id/' successfully

2023-03-05 22:41:17 - [TEST_STEP][PASSED] - setText(findTestObject("Object Repository/Page_Faktoriall/input_Kalkulator Faktorial_input"), Input): Text '170' is set on object 'Object Repository/Page_Faktoriall/input_Kalkulator Faktorial_input'

2023-03-05 22:41:18 - [MESSAGE][PASSED] - Text '170' is set on object 'Object Repository/Page_Faktoriall/input_Kalkulator Faktorial_input'

2023-03-05 22:41:18 - [TEST_STEP][PASSED] - click(findTestObject("Object Repository/Page_Faktoriall/button_Hitung                              _be4487")): Object: 'Object Repository/Page_Faktoriall/button_Hitung                              _be4487' is clicked on

2023-03-05 22:41:19 - [MESSAGE][PASSED] - Object: 'Object Repository/Page_Faktoriall/button_Hitung                              _be4487' is clicked on

2023-03-05 22:41:19 - [TEST_STEP][PASSED] - verifyElementPresent(findTestObject("Page_Faktoriall/div_Faktorial dari 10 adalah 3628800"), 3): Object 'Object Repository/Page_Faktoriall/div_Faktorial dari 10 adalah 3628800' is present

2023-03-05 22:41:20 - [MESSAGE][PASSED] - Object 'Object Repository/Page_Faktoriall/div_Faktorial dari 10 adalah 3628800' is present

2023-03-05 22:41:20 - [TEST_STEP][PASSED] - takeScreenshot(): Taking screenshot successfully

2023-03-05 22:41:20 - [MESSAGE][PASSED] - Taking screenshot successfully
[[ATTACHMENT|/Users/macbook/Katalon Studio/Sevima/Reports/20230305_224037/Regresi Faktorial/20230305_224037/1678030880655.png]]

2023-03-05 22:41:20 - [TEST_STEP][PASSED] - delay(2): Delayed 2 second(s)

2023-03-05 22:41:22 - [MESSAGE][PASSED] - Delayed 2 second(s)]]></system-out>
         <system-err><![CDATA[]]></system-err>
      </testcase>
      <testcase name="Test Cases/Menghitung Faktorial Integer" time="11.533" classname="Test Cases/Menghitung Faktorial Integer" status="FAILED">
         <failure type="FAILED" message="Test Cases/Menghitung Faktorial Integer FAILED.
Reason:
com.kms.katalon.core.exception.StepFailedException: Unable to verify object 'Object Repository/Page_Faktoriall/div_Faktorial dari 10 adalah 3628800' is present
	at com.kms.katalon.core.webui.keyword.internal.WebUIKeywordMain.stepFailed(WebUIKeywordMain.groovy:64)
	at com.kms.katalon.core.webui.keyword.internal.WebUIKeywordMain.runKeyword(WebUIKeywordMain.groovy:26)
	at com.kms.katalon.core.webui.keyword.builtin.VerifyElementPresentKeyword.verifyElementPresent(VerifyElementPresentKeyword.groovy:92)
	at com.kms.katalon.core.webui.keyword.builtin.VerifyElementPresentKeyword.execute(VerifyElementPresentKeyword.groovy:68)
	at com.kms.katalon.core.keyword.internal.KeywordExecutor.executeKeywordForPlatform(KeywordExecutor.groovy:74)
	at com.kms.katalon.core.webui.keyword.WebUiBuiltInKeywords.verifyElementPresent(WebUiBuiltInKeywords.groovy:1464)
	at com.kms.katalon.core.webui.keyword.WebUiBuiltInKeywords$verifyElementPresent$3.call(Unknown Source)
	at Menghitung Faktorial Integer.run(Menghitung Faktorial Integer:28)
	at com.kms.katalon.core.main.ScriptEngine.run(ScriptEngine.java:194)
	at com.kms.katalon.core.main.ScriptEngine.runScriptAsRawText(ScriptEngine.java:119)
	at com.kms.katalon.core.main.TestCaseExecutor.runScript(TestCaseExecutor.java:448)
	at com.kms.katalon.core.main.TestCaseExecutor.doExecute(TestCaseExecutor.java:439)
	at com.kms.katalon.core.main.TestCaseExecutor.processExecutionPhase(TestCaseExecutor.java:418)
	at com.kms.katalon.core.main.TestCaseExecutor.accessMainPhase(TestCaseExecutor.java:410)
	at com.kms.katalon.core.main.TestCaseExecutor.execute(TestCaseExecutor.java:285)
	at com.kms.katalon.core.common.CommonExecutor.accessTestCaseMainPhase(CommonExecutor.java:65)
	at com.kms.katalon.core.main.TestSuiteExecutor.accessTestSuiteMainPhase(TestSuiteExecutor.java:144)
	at com.kms.katalon.core.main.TestSuiteExecutor.execute(TestSuiteExecutor.java:106)
	at com.kms.katalon.core.main.TestCaseMain.startTestSuite(TestCaseMain.java:185)
	at com.kms.katalon.core.main.TestCaseMain$startTestSuite$0.call(Unknown Source)
	at TempTestSuite1678030837071.run(TempTestSuite1678030837071.groovy:36)
Caused by: com.kms.katalon.core.exception.StepFailedException: com.kms.katalon.core.webui.exception.WebElementNotFoundException: Web element with id: 'Object Repository/Page_Faktoriall/div_Faktorial dari 10 adalah 3628800' located by '//*[@id = 'result' and (contains(text(), 'Faktorial dari') or contains(., 'Faktorial dari'))]' not found
	at com.kms.katalon.core.webui.keyword.internal.WebUIKeywordMain.stepFailed(WebUIKeywordMain.groovy:64)
	at com.kms.katalon.core.webui.keyword.builtin.VerifyElementPresentKeyword$_verifyElementPresent_closure1.doCall(VerifyElementPresentKeyword.groovy:85)
	at com.kms.katalon.core.webui.keyword.builtin.VerifyElementPresentKeyword$_verifyElementPresent_closure1.call(VerifyElementPresentKeyword.groovy)
	at com.kms.katalon.core.webui.keyword.internal.WebUIKeywordMain.runKeyword(WebUIKeywordMain.groovy:20)
	... 19 more
"/>
         <system-out><![CDATA[2023-03-05 22:41:22 - [TEST_CASE][FAILED] - Test Cases/Menghitung Faktorial Integer: Test Cases/Menghitung Faktorial Integer FAILED.
Reason:
com.kms.katalon.core.exception.StepFailedException: Unable to verify object 'Object Repository/Page_Faktoriall/div_Faktorial dari 10 adalah 3628800' is present
	at com.kms.katalon.core.webui.keyword.internal.WebUIKeywordMain.stepFailed(WebUIKeywordMain.groovy:64)
	at com.kms.katalon.core.webui.keyword.internal.WebUIKeywordMain.runKeyword(WebUIKeywordMain.groovy:26)
	at com.kms.katalon.core.webui.keyword.builtin.VerifyElementPresentKeyword.verifyElementPresent(VerifyElementPresentKeyword.groovy:92)
	at com.kms.katalon.core.webui.keyword.builtin.VerifyElementPresentKeyword.execute(VerifyElementPresentKeyword.groovy:68)
	at com.kms.katalon.core.keyword.internal.KeywordExecutor.executeKeywordForPlatform(KeywordExecutor.groovy:74)
	at com.kms.katalon.core.webui.keyword.WebUiBuiltInKeywords.verifyElementPresent(WebUiBuiltInKeywords.groovy:1464)
	at com.kms.katalon.core.webui.keyword.WebUiBuiltInKeywords$verifyElementPresent$3.call(Unknown Source)
	at Menghitung Faktorial Integer.run(Menghitung Faktorial Integer:28)
	at com.kms.katalon.core.main.ScriptEngine.run(ScriptEngine.java:194)
	at com.kms.katalon.core.main.ScriptEngine.runScriptAsRawText(ScriptEngine.java:119)
	at com.kms.katalon.core.main.TestCaseExecutor.runScript(TestCaseExecutor.java:448)
	at com.kms.katalon.core.main.TestCaseExecutor.doExecute(TestCaseExecutor.java:439)
	at com.kms.katalon.core.main.TestCaseExecutor.processExecutionPhase(TestCaseExecutor.java:418)
	at com.kms.katalon.core.main.TestCaseExecutor.accessMainPhase(TestCaseExecutor.java:410)
	at com.kms.katalon.core.main.TestCaseExecutor.execute(TestCaseExecutor.java:285)
	at com.kms.katalon.core.common.CommonExecutor.accessTestCaseMainPhase(CommonExecutor.java:65)
	at com.kms.katalon.core.main.TestSuiteExecutor.accessTestSuiteMainPhase(TestSuiteExecutor.java:144)
	at com.kms.katalon.core.main.TestSuiteExecutor.execute(TestSuiteExecutor.java:106)
	at com.kms.katalon.core.main.TestCaseMain.startTestSuite(TestCaseMain.java:185)
	at com.kms.katalon.core.main.TestCaseMain$startTestSuite$0.call(Unknown Source)
	at TempTestSuite1678030837071.run(TempTestSuite1678030837071.groovy:36)
Caused by: com.kms.katalon.core.exception.StepFailedException: com.kms.katalon.core.webui.exception.WebElementNotFoundException: Web element with id: 'Object Repository/Page_Faktoriall/div_Faktorial dari 10 adalah 3628800' located by '//*[@id = 'result' and (contains(text(), 'Faktorial dari') or contains(., 'Faktorial dari'))]' not found
	at com.kms.katalon.core.webui.keyword.internal.WebUIKeywordMain.stepFailed(WebUIKeywordMain.groovy:64)
	at com.kms.katalon.core.webui.keyword.builtin.VerifyElementPresentKeyword$_verifyElementPresent_closure1.doCall(VerifyElementPresentKeyword.groovy:85)
	at com.kms.katalon.core.webui.keyword.builtin.VerifyElementPresentKeyword$_verifyElementPresent_closure1.call(VerifyElementPresentKeyword.groovy)
	at com.kms.katalon.core.webui.keyword.internal.WebUIKeywordMain.runKeyword(WebUIKeywordMain.groovy:20)
	... 19 more


2023-03-05 22:41:22 - [TEST_STEP][PASSED] - openBrowser(""): Browser is opened with url: ''

2023-03-05 22:41:22 - [MESSAGE][WARNING] - A browser is already opened. Closing browser and opening a new one

2023-03-05 22:41:22 - [MESSAGE][INFO] - Starting 'Chrome' driver

2023-03-05 22:41:23 - [MESSAGE][INFO] - Action delay is set to 0 milliseconds

2023-03-05 22:41:25 - [MESSAGE][PASSED] - Browser is opened with url: ''

2023-03-05 22:41:25 - [TEST_STEP][PASSED] - navigateToUrl("https://qa.putraprima.id/"): Navigate to 'https://qa.putraprima.id/' successfully

2023-03-05 22:41:27 - [MESSAGE][PASSED] - Navigate to 'https://qa.putraprima.id/' successfully

2023-03-05 22:41:28 - [TEST_STEP][PASSED] - setText(findTestObject("Object Repository/Page_Faktoriall/input_Kalkulator Faktorial_input"), Input): Text '171' is set on object 'Object Repository/Page_Faktoriall/input_Kalkulator Faktorial_input'

2023-03-05 22:41:29 - [MESSAGE][PASSED] - Text '171' is set on object 'Object Repository/Page_Faktoriall/input_Kalkulator Faktorial_input'

2023-03-05 22:41:29 - [TEST_STEP][PASSED] - click(findTestObject("Object Repository/Page_Faktoriall/button_Hitung                              _be4487")): Object: 'Object Repository/Page_Faktoriall/button_Hitung                              _be4487' is clicked on

2023-03-05 22:41:29 - [MESSAGE][PASSED] - Object: 'Object Repository/Page_Faktoriall/button_Hitung                              _be4487' is clicked on

2023-03-05 22:41:29 - [TEST_STEP][FAILED] - verifyElementPresent(findTestObject("Page_Faktoriall/div_Faktorial dari 10 adalah 3628800"), 3): Unable to verify object 'Object Repository/Page_Faktoriall/div_Faktorial dari 10 adalah 3628800' is present (Root cause: com.kms.katalon.core.exception.StepFailedException: Unable to verify object 'Object Repository/Page_Faktoriall/div_Faktorial dari 10 adalah 3628800' is present
	at com.kms.katalon.core.webui.keyword.internal.WebUIKeywordMain.stepFailed(WebUIKeywordMain.groovy:64)
	at com.kms.katalon.core.webui.keyword.internal.WebUIKeywordMain.runKeyword(WebUIKeywordMain.groovy:26)
	at com.kms.katalon.core.webui.keyword.builtin.VerifyElementPresentKeyword.verifyElementPresent(VerifyElementPresentKeyword.groovy:92)
	at com.kms.katalon.core.webui.keyword.builtin.VerifyElementPresentKeyword.execute(VerifyElementPresentKeyword.groovy:68)
	at com.kms.katalon.core.keyword.internal.KeywordExecutor.executeKeywordForPlatform(KeywordExecutor.groovy:74)
	at com.kms.katalon.core.webui.keyword.WebUiBuiltInKeywords.verifyElementPresent(WebUiBuiltInKeywords.groovy:1464)
	at com.kms.katalon.core.webui.keyword.WebUiBuiltInKeywords$verifyElementPresent$3.call(Unknown Source)
	at Menghitung Faktorial Integer.run(Menghitung Faktorial Integer:28)
	at com.kms.katalon.core.main.ScriptEngine.run(ScriptEngine.java:194)
	at com.kms.katalon.core.main.ScriptEngine.runScriptAsRawText(ScriptEngine.java:119)
	at com.kms.katalon.core.main.TestCaseExecutor.runScript(TestCaseExecutor.java:448)
	at com.kms.katalon.core.main.TestCaseExecutor.doExecute(TestCaseExecutor.java:439)
	at com.kms.katalon.core.main.TestCaseExecutor.processExecutionPhase(TestCaseExecutor.java:418)
	at com.kms.katalon.core.main.TestCaseExecutor.accessMainPhase(TestCaseExecutor.java:410)
	at com.kms.katalon.core.main.TestCaseExecutor.execute(TestCaseExecutor.java:285)
	at com.kms.katalon.core.common.CommonExecutor.accessTestCaseMainPhase(CommonExecutor.java:65)
	at com.kms.katalon.core.main.TestSuiteExecutor.accessTestSuiteMainPhase(TestSuiteExecutor.java:144)
	at com.kms.katalon.core.main.TestSuiteExecutor.execute(TestSuiteExecutor.java:106)
	at com.kms.katalon.core.main.TestCaseMain.startTestSuite(TestCaseMain.java:185)
	at com.kms.katalon.core.main.TestCaseMain$startTestSuite$0.call(Unknown Source)
	at TempTestSuite1678030837071.run(TempTestSuite1678030837071.groovy:36)
Caused by: com.kms.katalon.core.exception.StepFailedException: com.kms.katalon.core.webui.exception.WebElementNotFoundException: Web element with id: 'Object Repository/Page_Faktoriall/div_Faktorial dari 10 adalah 3628800' located by '//*[@id = 'result' and (contains(text(), 'Faktorial dari') or contains(., 'Faktorial dari'))]' not found
	at com.kms.katalon.core.webui.keyword.internal.WebUIKeywordMain.stepFailed(WebUIKeywordMain.groovy:64)
	at com.kms.katalon.core.webui.keyword.builtin.VerifyElementPresentKeyword$_verifyElementPresent_closure1.doCall(VerifyElementPresentKeyword.groovy:85)
	at com.kms.katalon.core.webui.keyword.builtin.VerifyElementPresentKeyword$_verifyElementPresent_closure1.call(VerifyElementPresentKeyword.groovy)
	at com.kms.katalon.core.webui.keyword.internal.WebUIKeywordMain.runKeyword(WebUIKeywordMain.groovy:20)
	... 19 more
)

2023-03-05 22:41:34 - [MESSAGE][INFO] - Unable to find the element located by 'By.xpath: //*[@id = 'result' and (contains(text(), 'Faktorial dari') or contains(., 'Faktorial dari'))]'. Please recheck the objects properties to make sure the desired element is located. 

2023-03-05 22:41:34 - [MESSAGE][FAILED] - com.kms.katalon.core.webui.exception.WebElementNotFoundException: Web element with id: 'Object Repository/Page_Faktoriall/div_Faktorial dari 10 adalah 3628800' located by '//*[@id = 'result' and (contains(text(), 'Faktorial dari') or contains(., 'Faktorial dari'))]' not found (Root cause: com.kms.katalon.core.exception.StepFailedException: com.kms.katalon.core.webui.exception.WebElementNotFoundException: Web element with id: 'Object Repository/Page_Faktoriall/div_Faktorial dari 10 adalah 3628800' located by '//*[@id = 'result' and (contains(text(), 'Faktorial dari') or contains(., 'Faktorial dari'))]' not found
	at com.kms.katalon.core.webui.keyword.internal.WebUIKeywordMain.stepFailed(WebUIKeywordMain.groovy:64)
	at com.kms.katalon.core.webui.keyword.builtin.VerifyElementPresentKeyword$_verifyElementPresent_closure1.doCall(VerifyElementPresentKeyword.groovy:85)
	at com.kms.katalon.core.webui.keyword.builtin.VerifyElementPresentKeyword$_verifyElementPresent_closure1.call(VerifyElementPresentKeyword.groovy)
	at com.kms.katalon.core.webui.keyword.internal.WebUIKeywordMain.runKeyword(WebUIKeywordMain.groovy:20)
	at com.kms.katalon.core.webui.keyword.builtin.VerifyElementPresentKeyword.verifyElementPresent(VerifyElementPresentKeyword.groovy:92)
	at com.kms.katalon.core.webui.keyword.builtin.VerifyElementPresentKeyword.execute(VerifyElementPresentKeyword.groovy:68)
	at com.kms.katalon.core.keyword.internal.KeywordExecutor.executeKeywordForPlatform(KeywordExecutor.groovy:74)
	at com.kms.katalon.core.webui.keyword.WebUiBuiltInKeywords.verifyElementPresent(WebUiBuiltInKeywords.groovy:1464)
	at com.kms.katalon.core.webui.keyword.WebUiBuiltInKeywords$verifyElementPresent$3.call(Unknown Source)
	at Menghitung Faktorial Integer.run(Menghitung Faktorial Integer:28)
	at com.kms.katalon.core.main.ScriptEngine.run(ScriptEngine.java:194)
	at com.kms.katalon.core.main.ScriptEngine.runScriptAsRawText(ScriptEngine.java:119)
	at com.kms.katalon.core.main.TestCaseExecutor.runScript(TestCaseExecutor.java:448)
	at com.kms.katalon.core.main.TestCaseExecutor.doExecute(TestCaseExecutor.java:439)
	at com.kms.katalon.core.main.TestCaseExecutor.processExecutionPhase(TestCaseExecutor.java:418)
	at com.kms.katalon.core.main.TestCaseExecutor.accessMainPhase(TestCaseExecutor.java:410)
	at com.kms.katalon.core.main.TestCaseExecutor.execute(TestCaseExecutor.java:285)
	at com.kms.katalon.core.common.CommonExecutor.accessTestCaseMainPhase(CommonExecutor.java:65)
	at com.kms.katalon.core.main.TestSuiteExecutor.accessTestSuiteMainPhase(TestSuiteExecutor.java:144)
	at com.kms.katalon.core.main.TestSuiteExecutor.execute(TestSuiteExecutor.java:106)
	at com.kms.katalon.core.main.TestCaseMain.startTestSuite(TestCaseMain.java:185)
	at com.kms.katalon.core.main.TestCaseMain$startTestSuite$0.call(Unknown Source)
	at TempTestSuite1678030837071.run(TempTestSuite1678030837071.groovy:36)
)
[[ATTACHMENT|/Users/macbook/Katalon Studio/Sevima/Reports/20230305_224037/Regresi Faktorial/20230305_224037/1678030894109.png]]

2023-03-05 22:41:34 - [MESSAGE][FAILED] - Unable to verify object 'Object Repository/Page_Faktoriall/div_Faktorial dari 10 adalah 3628800' is present (Root cause: com.kms.katalon.core.exception.StepFailedException: Unable to verify object 'Object Repository/Page_Faktoriall/div_Faktorial dari 10 adalah 3628800' is present
	at com.kms.katalon.core.webui.keyword.internal.WebUIKeywordMain.stepFailed(WebUIKeywordMain.groovy:64)
	at com.kms.katalon.core.webui.keyword.internal.WebUIKeywordMain.runKeyword(WebUIKeywordMain.groovy:26)
	at com.kms.katalon.core.webui.keyword.builtin.VerifyElementPresentKeyword.verifyElementPresent(VerifyElementPresentKeyword.groovy:92)
	at com.kms.katalon.core.webui.keyword.builtin.VerifyElementPresentKeyword.execute(VerifyElementPresentKeyword.groovy:68)
	at com.kms.katalon.core.keyword.internal.KeywordExecutor.executeKeywordForPlatform(KeywordExecutor.groovy:74)
	at com.kms.katalon.core.webui.keyword.WebUiBuiltInKeywords.verifyElementPresent(WebUiBuiltInKeywords.groovy:1464)
	at com.kms.katalon.core.webui.keyword.WebUiBuiltInKeywords$verifyElementPresent$3.call(Unknown Source)
	at Menghitung Faktorial Integer.run(Menghitung Faktorial Integer:28)
	at com.kms.katalon.core.main.ScriptEngine.run(ScriptEngine.java:194)
	at com.kms.katalon.core.main.ScriptEngine.runScriptAsRawText(ScriptEngine.java:119)
	at com.kms.katalon.core.main.TestCaseExecutor.runScript(TestCaseExecutor.java:448)
	at com.kms.katalon.core.main.TestCaseExecutor.doExecute(TestCaseExecutor.java:439)
	at com.kms.katalon.core.main.TestCaseExecutor.processExecutionPhase(TestCaseExecutor.java:418)
	at com.kms.katalon.core.main.TestCaseExecutor.accessMainPhase(TestCaseExecutor.java:410)
	at com.kms.katalon.core.main.TestCaseExecutor.execute(TestCaseExecutor.java:285)
	at com.kms.katalon.core.common.CommonExecutor.accessTestCaseMainPhase(CommonExecutor.java:65)
	at com.kms.katalon.core.main.TestSuiteExecutor.accessTestSuiteMainPhase(TestSuiteExecutor.java:144)
	at com.kms.katalon.core.main.TestSuiteExecutor.execute(TestSuiteExecutor.java:106)
	at com.kms.katalon.core.main.TestCaseMain.startTestSuite(TestCaseMain.java:185)
	at com.kms.katalon.core.main.TestCaseMain$startTestSuite$0.call(Unknown Source)
	at TempTestSuite1678030837071.run(TempTestSuite1678030837071.groovy:36)
Caused by: com.kms.katalon.core.exception.StepFailedException: com.kms.katalon.core.webui.exception.WebElementNotFoundException: Web element with id: 'Object Repository/Page_Faktoriall/div_Faktorial dari 10 adalah 3628800' located by '//*[@id = 'result' and (contains(text(), 'Faktorial dari') or contains(., 'Faktorial dari'))]' not found
	at com.kms.katalon.core.webui.keyword.internal.WebUIKeywordMain.stepFailed(WebUIKeywordMain.groovy:64)
	at com.kms.katalon.core.webui.keyword.builtin.VerifyElementPresentKeyword$_verifyElementPresent_closure1.doCall(VerifyElementPresentKeyword.groovy:85)
	at com.kms.katalon.core.webui.keyword.builtin.VerifyElementPresentKeyword$_verifyElementPresent_closure1.call(VerifyElementPresentKeyword.groovy)
	at com.kms.katalon.core.webui.keyword.internal.WebUIKeywordMain.runKeyword(WebUIKeywordMain.groovy:20)
	... 19 more
)
[[ATTACHMENT|/Users/macbook/Katalon Studio/Sevima/Reports/20230305_224037/Regresi Faktorial/20230305_224037/1678030894247.png]]]]></system-out>
         <system-err><![CDATA[2023-03-05 22:41:22 - [TEST_CASE][FAILED] - Test Cases/Menghitung Faktorial Integer: Test Cases/Menghitung Faktorial Integer FAILED.
Reason:
com.kms.katalon.core.exception.StepFailedException: Unable to verify object 'Object Repository/Page_Faktoriall/div_Faktorial dari 10 adalah 3628800' is present
	at com.kms.katalon.core.webui.keyword.internal.WebUIKeywordMain.stepFailed(WebUIKeywordMain.groovy:64)
	at com.kms.katalon.core.webui.keyword.internal.WebUIKeywordMain.runKeyword(WebUIKeywordMain.groovy:26)
	at com.kms.katalon.core.webui.keyword.builtin.VerifyElementPresentKeyword.verifyElementPresent(VerifyElementPresentKeyword.groovy:92)
	at com.kms.katalon.core.webui.keyword.builtin.VerifyElementPresentKeyword.execute(VerifyElementPresentKeyword.groovy:68)
	at com.kms.katalon.core.keyword.internal.KeywordExecutor.executeKeywordForPlatform(KeywordExecutor.groovy:74)
	at com.kms.katalon.core.webui.keyword.WebUiBuiltInKeywords.verifyElementPresent(WebUiBuiltInKeywords.groovy:1464)
	at com.kms.katalon.core.webui.keyword.WebUiBuiltInKeywords$verifyElementPresent$3.call(Unknown Source)
	at Menghitung Faktorial Integer.run(Menghitung Faktorial Integer:28)
	at com.kms.katalon.core.main.ScriptEngine.run(ScriptEngine.java:194)
	at com.kms.katalon.core.main.ScriptEngine.runScriptAsRawText(ScriptEngine.java:119)
	at com.kms.katalon.core.main.TestCaseExecutor.runScript(TestCaseExecutor.java:448)
	at com.kms.katalon.core.main.TestCaseExecutor.doExecute(TestCaseExecutor.java:439)
	at com.kms.katalon.core.main.TestCaseExecutor.processExecutionPhase(TestCaseExecutor.java:418)
	at com.kms.katalon.core.main.TestCaseExecutor.accessMainPhase(TestCaseExecutor.java:410)
	at com.kms.katalon.core.main.TestCaseExecutor.execute(TestCaseExecutor.java:285)
	at com.kms.katalon.core.common.CommonExecutor.accessTestCaseMainPhase(CommonExecutor.java:65)
	at com.kms.katalon.core.main.TestSuiteExecutor.accessTestSuiteMainPhase(TestSuiteExecutor.java:144)
	at com.kms.katalon.core.main.TestSuiteExecutor.execute(TestSuiteExecutor.java:106)
	at com.kms.katalon.core.main.TestCaseMain.startTestSuite(TestCaseMain.java:185)
	at com.kms.katalon.core.main.TestCaseMain$startTestSuite$0.call(Unknown Source)
	at TempTestSuite1678030837071.run(TempTestSuite1678030837071.groovy:36)
Caused by: com.kms.katalon.core.exception.StepFailedException: com.kms.katalon.core.webui.exception.WebElementNotFoundException: Web element with id: 'Object Repository/Page_Faktoriall/div_Faktorial dari 10 adalah 3628800' located by '//*[@id = 'result' and (contains(text(), 'Faktorial dari') or contains(., 'Faktorial dari'))]' not found
	at com.kms.katalon.core.webui.keyword.internal.WebUIKeywordMain.stepFailed(WebUIKeywordMain.groovy:64)
	at com.kms.katalon.core.webui.keyword.builtin.VerifyElementPresentKeyword$_verifyElementPresent_closure1.doCall(VerifyElementPresentKeyword.groovy:85)
	at com.kms.katalon.core.webui.keyword.builtin.VerifyElementPresentKeyword$_verifyElementPresent_closure1.call(VerifyElementPresentKeyword.groovy)
	at com.kms.katalon.core.webui.keyword.internal.WebUIKeywordMain.runKeyword(WebUIKeywordMain.groovy:20)
	... 19 more]]></system-err>
      </testcase>
      <system-out><![CDATA[2023-03-05 22:40:48 - [TEST_SUITE][FAILED] - Regresi Faktorial: Test Cases/Menghitung Faktorial Integer FAILED.
Reason:
com.kms.katalon.core.exception.StepFailedException: Unable to verify object 'Object Repository/Page_Faktoriall/div_Faktorial dari 10 adalah 3628800' is present
	at com.kms.katalon.core.webui.keyword.internal.WebUIKeywordMain.stepFailed(WebUIKeywordMain.groovy:64)
	at com.kms.katalon.core.webui.keyword.internal.WebUIKeywordMain.runKeyword(WebUIKeywordMain.groovy:26)
	at com.kms.katalon.core.webui.keyword.builtin.VerifyElementPresentKeyword.verifyElementPresent(VerifyElementPresentKeyword.groovy:92)
	at com.kms.katalon.core.webui.keyword.builtin.VerifyElementPresentKeyword.execute(VerifyElementPresentKeyword.groovy:68)
	at com.kms.katalon.core.keyword.internal.KeywordExecutor.executeKeywordForPlatform(KeywordExecutor.groovy:74)
	at com.kms.katalon.core.webui.keyword.WebUiBuiltInKeywords.verifyElementPresent(WebUiBuiltInKeywords.groovy:1464)
	at com.kms.katalon.core.webui.keyword.WebUiBuiltInKeywords$verifyElementPresent$3.call(Unknown Source)
	at Menghitung Faktorial Integer.run(Menghitung Faktorial Integer:28)
	at com.kms.katalon.core.main.ScriptEngine.run(ScriptEngine.java:194)
	at com.kms.katalon.core.main.ScriptEngine.runScriptAsRawText(ScriptEngine.java:119)
	at com.kms.katalon.core.main.TestCaseExecutor.runScript(TestCaseExecutor.java:448)
	at com.kms.katalon.core.main.TestCaseExecutor.doExecute(TestCaseExecutor.java:439)
	at com.kms.katalon.core.main.TestCaseExecutor.processExecutionPhase(TestCaseExecutor.java:418)
	at com.kms.katalon.core.main.TestCaseExecutor.accessMainPhase(TestCaseExecutor.java:410)
	at com.kms.katalon.core.main.TestCaseExecutor.execute(TestCaseExecutor.java:285)
	at com.kms.katalon.core.common.CommonExecutor.accessTestCaseMainPhase(CommonExecutor.java:65)
	at com.kms.katalon.core.main.TestSuiteExecutor.accessTestSuiteMainPhase(TestSuiteExecutor.java:144)
	at com.kms.katalon.core.main.TestSuiteExecutor.execute(TestSuiteExecutor.java:106)
	at com.kms.katalon.core.main.TestCaseMain.startTestSuite(TestCaseMain.java:185)
	at com.kms.katalon.core.main.TestCaseMain$startTestSuite$0.call(Unknown Source)
	at TempTestSuite1678030837071.run(TempTestSuite1678030837071.groovy:36)
Caused by: com.kms.katalon.core.exception.StepFailedException: com.kms.katalon.core.webui.exception.WebElementNotFoundException: Web element with id: 'Object Repository/Page_Faktoriall/div_Faktorial dari 10 adalah 3628800' located by '//*[@id = 'result' and (contains(text(), 'Faktorial dari') or contains(., 'Faktorial dari'))]' not found
	at com.kms.katalon.core.webui.keyword.internal.WebUIKeywordMain.stepFailed(WebUIKeywordMain.groovy:64)
	at com.kms.katalon.core.webui.keyword.builtin.VerifyElementPresentKeyword$_verifyElementPresent_closure1.doCall(VerifyElementPresentKeyword.groovy:85)
	at com.kms.katalon.core.webui.keyword.builtin.VerifyElementPresentKeyword$_verifyElementPresent_closure1.call(VerifyElementPresentKeyword.groovy)
	at com.kms.katalon.core.webui.keyword.internal.WebUIKeywordMain.runKeyword(WebUIKeywordMain.groovy:20)
	... 19 more]]></system-out>
      <system-err><![CDATA[2023-03-05 22:40:48 - [TEST_SUITE][FAILED] - Regresi Faktorial: Test Cases/Menghitung Faktorial Integer FAILED.
Reason:
com.kms.katalon.core.exception.StepFailedException: Unable to verify object 'Object Repository/Page_Faktoriall/div_Faktorial dari 10 adalah 3628800' is present
	at com.kms.katalon.core.webui.keyword.internal.WebUIKeywordMain.stepFailed(WebUIKeywordMain.groovy:64)
	at com.kms.katalon.core.webui.keyword.internal.WebUIKeywordMain.runKeyword(WebUIKeywordMain.groovy:26)
	at com.kms.katalon.core.webui.keyword.builtin.VerifyElementPresentKeyword.verifyElementPresent(VerifyElementPresentKeyword.groovy:92)
	at com.kms.katalon.core.webui.keyword.builtin.VerifyElementPresentKeyword.execute(VerifyElementPresentKeyword.groovy:68)
	at com.kms.katalon.core.keyword.internal.KeywordExecutor.executeKeywordForPlatform(KeywordExecutor.groovy:74)
	at com.kms.katalon.core.webui.keyword.WebUiBuiltInKeywords.verifyElementPresent(WebUiBuiltInKeywords.groovy:1464)
	at com.kms.katalon.core.webui.keyword.WebUiBuiltInKeywords$verifyElementPresent$3.call(Unknown Source)
	at Menghitung Faktorial Integer.run(Menghitung Faktorial Integer:28)
	at com.kms.katalon.core.main.ScriptEngine.run(ScriptEngine.java:194)
	at com.kms.katalon.core.main.ScriptEngine.runScriptAsRawText(ScriptEngine.java:119)
	at com.kms.katalon.core.main.TestCaseExecutor.runScript(TestCaseExecutor.java:448)
	at com.kms.katalon.core.main.TestCaseExecutor.doExecute(TestCaseExecutor.java:439)
	at com.kms.katalon.core.main.TestCaseExecutor.processExecutionPhase(TestCaseExecutor.java:418)
	at com.kms.katalon.core.main.TestCaseExecutor.accessMainPhase(TestCaseExecutor.java:410)
	at com.kms.katalon.core.main.TestCaseExecutor.execute(TestCaseExecutor.java:285)
	at com.kms.katalon.core.common.CommonExecutor.accessTestCaseMainPhase(CommonExecutor.java:65)
	at com.kms.katalon.core.main.TestSuiteExecutor.accessTestSuiteMainPhase(TestSuiteExecutor.java:144)
	at com.kms.katalon.core.main.TestSuiteExecutor.execute(TestSuiteExecutor.java:106)
	at com.kms.katalon.core.main.TestCaseMain.startTestSuite(TestCaseMain.java:185)
	at com.kms.katalon.core.main.TestCaseMain$startTestSuite$0.call(Unknown Source)
	at TempTestSuite1678030837071.run(TempTestSuite1678030837071.groovy:36)
Caused by: com.kms.katalon.core.exception.StepFailedException: com.kms.katalon.core.webui.exception.WebElementNotFoundException: Web element with id: 'Object Repository/Page_Faktoriall/div_Faktorial dari 10 adalah 3628800' located by '//*[@id = 'result' and (contains(text(), 'Faktorial dari') or contains(., 'Faktorial dari'))]' not found
	at com.kms.katalon.core.webui.keyword.internal.WebUIKeywordMain.stepFailed(WebUIKeywordMain.groovy:64)
	at com.kms.katalon.core.webui.keyword.builtin.VerifyElementPresentKeyword$_verifyElementPresent_closure1.doCall(VerifyElementPresentKeyword.groovy:85)
	at com.kms.katalon.core.webui.keyword.builtin.VerifyElementPresentKeyword$_verifyElementPresent_closure1.call(VerifyElementPresentKeyword.groovy)
	at com.kms.katalon.core.webui.keyword.internal.WebUIKeywordMain.runKeyword(WebUIKeywordMain.groovy:20)
	... 19 more]]></system-err>
   </testsuite>
</testsuites>
